2023-12-16 15:09:01,226 INFO    Thread-28 (_run_job):292522 [wandb_setup.py:_flush():76] Current SDK version is 0.16.1
2023-12-16 15:09:01,226 INFO    Thread-28 (_run_job):292522 [wandb_setup.py:_flush():76] Configure stats pid to 292522
2023-12-16 15:09:01,226 INFO    Thread-28 (_run_job):292522 [wandb_setup.py:_flush():76] Loading settings from /home/my2770/.config/wandb/settings
2023-12-16 15:09:01,226 INFO    Thread-28 (_run_job):292522 [wandb_setup.py:_flush():76] Loading settings from /home/my2770/project/wandb/settings
2023-12-16 15:09:01,226 INFO    Thread-28 (_run_job):292522 [wandb_setup.py:_flush():76] Loading settings from environment variables: {'project': 'RESNET18-GAN', 'entity': 'mingfeng', 'root_dir': '/home/my2770/project', 'run_id': 'd6nu88i7', 'sweep_param_path': '/home/my2770/project/wandb/sweep-6ry9vt0c/config-d6nu88i7.yaml', 'sweep_id': '6ry9vt0c'}
2023-12-16 15:09:01,226 INFO    Thread-28 (_run_job):292522 [wandb_setup.py:_flush():76] Applying setup settings: {'_disable_service': False}
2023-12-16 15:09:01,226 INFO    Thread-28 (_run_job):292522 [wandb_setup.py:_flush():76] Inferring run settings from compute environment: {'program_relpath': 'train_wandb.py', 'program_abspath': '/home/my2770/project/train_wandb.py', 'program': '/home/my2770/project/train_wandb.py'}
2023-12-16 15:09:01,226 INFO    Thread-28 (_run_job):292522 [wandb_init.py:_log_setup():524] Logging user logs to /home/my2770/project/wandb/run-20231216_150901-d6nu88i7/logs/debug.log
2023-12-16 15:09:01,226 INFO    Thread-28 (_run_job):292522 [wandb_init.py:_log_setup():525] Logging internal logs to /home/my2770/project/wandb/run-20231216_150901-d6nu88i7/logs/debug-internal.log
2023-12-16 15:09:01,226 INFO    Thread-28 (_run_job):292522 [wandb_init.py:init():564] calling init triggers
2023-12-16 15:09:01,226 INFO    Thread-28 (_run_job):292522 [wandb_init.py:init():571] wandb.init called with sweep_config: {'inp_res': 0.015625, 'out_noise': 0.01, 'out_res': 0.0078125, 'w_noise': 0.03}
config: {}
2023-12-16 15:09:01,226 INFO    Thread-28 (_run_job):292522 [wandb_init.py:init():614] starting backend
2023-12-16 15:09:01,226 INFO    Thread-28 (_run_job):292522 [wandb_init.py:init():618] setting up manager
2023-12-16 15:09:01,230 INFO    Thread-28 (_run_job):292522 [backend.py:_multiprocessing_setup():105] multiprocessing start_methods=fork,spawn,forkserver, using: spawn
2023-12-16 15:09:01,231 INFO    Thread-28 (_run_job):292522 [wandb_init.py:init():624] backend started and connected
2023-12-16 15:09:01,238 INFO    Thread-28 (_run_job):292522 [wandb_run.py:_config_callback():1342] config_cb None None {'inp_res': 0.015625, 'out_noise': 0.01, 'out_res': 0.0078125, 'w_noise': 0.03}
2023-12-16 15:09:01,240 INFO    Thread-28 (_run_job):292522 [wandb_init.py:init():716] updated telemetry
2023-12-16 15:09:01,240 INFO    Thread-28 (_run_job):292522 [wandb_init.py:init():749] communicating run to backend with 90.0 second timeout
2023-12-16 15:09:01,399 INFO    Thread-28 (_run_job):292522 [wandb_run.py:_on_init():2254] communicating current version
2023-12-16 15:09:01,487 INFO    Thread-28 (_run_job):292522 [wandb_run.py:_on_init():2263] got version response 
2023-12-16 15:09:01,488 INFO    Thread-28 (_run_job):292522 [wandb_init.py:init():800] starting run threads in backend
2023-12-16 15:09:01,552 INFO    Thread-28 (_run_job):292522 [wandb_run.py:_console_start():2233] atexit reg
2023-12-16 15:09:01,552 INFO    Thread-28 (_run_job):292522 [wandb_run.py:_redirect():2088] redirect: wrap_raw
2023-12-16 15:09:01,552 INFO    Thread-28 (_run_job):292522 [wandb_run.py:_redirect():2153] Wrapping output streams.
2023-12-16 15:09:01,552 INFO    Thread-28 (_run_job):292522 [wandb_run.py:_redirect():2178] Redirects installed.
2023-12-16 15:09:01,553 INFO    Thread-28 (_run_job):292522 [wandb_init.py:init():841] run started, returning control to user process
2023-12-16 15:55:37,368 INFO    Thread-28 (_run_job):292522 [wandb_run.py:_finish():1962] finishing run mingfeng/RESNET18-GAN/d6nu88i7
2023-12-16 15:55:37,369 INFO    Thread-28 (_run_job):292522 [wandb_run.py:_atexit_cleanup():2202] got exitcode: 0
2023-12-16 15:55:37,369 INFO    Thread-28 (_run_job):292522 [wandb_run.py:_restore():2185] restore
2023-12-16 15:55:37,369 INFO    Thread-28 (_run_job):292522 [wandb_run.py:_restore():2191] restore done
2023-12-16 15:55:41,166 INFO    Thread-28 (_run_job):292522 [wandb_run.py:_footer_history_summary_info():3837] rendering history
2023-12-16 15:55:41,166 INFO    Thread-28 (_run_job):292522 [wandb_run.py:_footer_history_summary_info():3869] rendering summary
2023-12-16 15:55:41,169 INFO    Thread-28 (_run_job):292522 [wandb_run.py:_footer_sync_info():3796] logging synced files
