2023-12-16 07:20:06,219 INFO    StreamThr :291956 [internal.py:wandb_internal():86] W&B internal server running at pid: 291956, started at: 2023-12-16 07:20:06.219027
2023-12-16 07:20:06,221 DEBUG   HandlerThread:291956 [handler.py:handle_request():146] handle_request: status
2023-12-16 07:20:06,232 INFO    WriterThread:291956 [datastore.py:open_for_write():85] open: /home/my2770/project/wandb/run-20231216_072006-h7fj32ev/run-h7fj32ev.wandb
2023-12-16 07:20:06,233 DEBUG   SenderThread:291956 [sender.py:send():382] send: header
2023-12-16 07:20:06,233 DEBUG   SenderThread:291956 [sender.py:send():382] send: run
2023-12-16 07:20:06,383 INFO    SenderThread:291956 [dir_watcher.py:__init__():211] watching files in: /home/my2770/project/wandb/run-20231216_072006-h7fj32ev/files
2023-12-16 07:20:06,383 INFO    SenderThread:291956 [sender.py:_start_run_threads():1136] run started: h7fj32ev with start time 1702711206.21926
2023-12-16 07:20:06,391 DEBUG   HandlerThread:291956 [handler.py:handle_request():146] handle_request: check_version
2023-12-16 07:20:06,391 DEBUG   SenderThread:291956 [sender.py:send_request():409] send_request: check_version
2023-12-16 07:20:06,476 DEBUG   HandlerThread:291956 [handler.py:handle_request():146] handle_request: run_start
2023-12-16 07:20:06,483 DEBUG   HandlerThread:291956 [system_info.py:__init__():32] System info init
2023-12-16 07:20:06,483 DEBUG   HandlerThread:291956 [system_info.py:__init__():47] System info init done
2023-12-16 07:20:06,483 INFO    HandlerThread:291956 [system_monitor.py:start():194] Starting system monitor
2023-12-16 07:20:06,483 INFO    SystemMonitor:291956 [system_monitor.py:_start():158] Starting system asset monitoring threads
2023-12-16 07:20:06,484 INFO    HandlerThread:291956 [system_monitor.py:probe():214] Collecting system info
2023-12-16 07:20:06,484 INFO    SystemMonitor:291956 [interfaces.py:start():190] Started cpu monitoring
2023-12-16 07:20:06,485 INFO    SystemMonitor:291956 [interfaces.py:start():190] Started disk monitoring
2023-12-16 07:20:06,485 INFO    SystemMonitor:291956 [interfaces.py:start():190] Started gpu monitoring
2023-12-16 07:20:06,486 INFO    SystemMonitor:291956 [interfaces.py:start():190] Started memory monitoring
2023-12-16 07:20:06,488 INFO    SystemMonitor:291956 [interfaces.py:start():190] Started network monitoring
2023-12-16 07:20:06,522 DEBUG   HandlerThread:291956 [system_info.py:probe():196] Probing system
2023-12-16 07:20:06,524 DEBUG   HandlerThread:291956 [gitlib.py:_init_repo():56] git repository is invalid
2023-12-16 07:20:06,524 DEBUG   HandlerThread:291956 [system_info.py:probe():244] Probing system done
2023-12-16 07:20:06,524 DEBUG   HandlerThread:291956 [system_monitor.py:probe():223] {'os': 'Linux-5.10.0-26-cloud-amd64-x86_64-with-glibc2.31', 'python': '3.10.13', 'heartbeatAt': '2023-12-16T07:20:06.522949', 'startedAt': '2023-12-16T07:20:06.209389', 'docker': None, 'cuda': None, 'args': (), 'state': 'running', 'program': '/home/my2770/project/train_wandb.py', 'codePathLocal': 'train_wandb.py', 'codePath': 'train_wandb.py', 'host': 'instance-4', 'username': 'my2770', 'executable': '/home/my2770/project/aihwkit_env/bin/python3', 'cpu_count': 4, 'cpu_count_logical': 8, 'cpu_freq': {'current': 2000.1939999999997, 'min': 0.0, 'max': 0.0}, 'cpu_freq_per_core': [{'current': 2000.194, 'min': 0.0, 'max': 0.0}, {'current': 2000.194, 'min': 0.0, 'max': 0.0}, {'current': 2000.194, 'min': 0.0, 'max': 0.0}, {'current': 2000.194, 'min': 0.0, 'max': 0.0}, {'current': 2000.194, 'min': 0.0, 'max': 0.0}, {'current': 2000.194, 'min': 0.0, 'max': 0.0}, {'current': 2000.194, 'min': 0.0, 'max': 0.0}, {'current': 2000.194, 'min': 0.0, 'max': 0.0}], 'disk': {'/': {'total': 98.18611526489258, 'used': 45.83646011352539}}, 'gpu': 'Tesla T4', 'gpu_count': 4, 'gpu_devices': [{'name': 'Tesla T4', 'memory_total': 16106127360}, {'name': 'Tesla T4', 'memory_total': 16106127360}, {'name': 'Tesla T4', 'memory_total': 16106127360}, {'name': 'Tesla T4', 'memory_total': 16106127360}], 'memory': {'total': 29.38990020751953}}
2023-12-16 07:20:06,524 INFO    HandlerThread:291956 [system_monitor.py:probe():224] Finished collecting system info
2023-12-16 07:20:06,524 INFO    HandlerThread:291956 [system_monitor.py:probe():227] Publishing system info
2023-12-16 07:20:06,524 DEBUG   HandlerThread:291956 [system_info.py:_save_pip():52] Saving list of pip packages installed into the current environment
2023-12-16 07:20:06,525 DEBUG   HandlerThread:291956 [system_info.py:_save_pip():68] Saving pip packages done
2023-12-16 07:20:06,525 INFO    HandlerThread:291956 [system_monitor.py:probe():229] Finished publishing system info
2023-12-16 07:20:06,527 DEBUG   SenderThread:291956 [sender.py:send():382] send: files
2023-12-16 07:20:06,527 INFO    SenderThread:291956 [sender.py:_save_file():1392] saving file wandb-metadata.json with policy now
2023-12-16 07:20:06,533 DEBUG   SenderThread:291956 [sender.py:send():382] send: telemetry
2023-12-16 07:20:06,540 DEBUG   HandlerThread:291956 [handler.py:handle_request():146] handle_request: stop_status
2023-12-16 07:20:06,540 DEBUG   SenderThread:291956 [sender.py:send_request():409] send_request: stop_status
2023-12-16 07:20:06,558 DEBUG   HandlerThread:291956 [handler.py:handle_request():146] handle_request: internal_messages
2023-12-16 07:20:06,821 INFO    wandb-upload_0:291956 [upload_job.py:push():131] Uploaded file /var/tmp/tmp4os9kms4wandb/jxg6duzg-wandb-metadata.json
2023-12-16 07:20:07,384 INFO    Thread-12 :291956 [dir_watcher.py:_on_file_created():271] file/dir created: /home/my2770/project/wandb/run-20231216_072006-h7fj32ev/files/wandb-metadata.json
2023-12-16 07:20:07,384 INFO    Thread-12 :291956 [dir_watcher.py:_on_file_created():271] file/dir created: /home/my2770/project/wandb/run-20231216_072006-h7fj32ev/files/requirements.txt
2023-12-16 07:20:10,384 INFO    Thread-12 :291956 [dir_watcher.py:_on_file_created():271] file/dir created: /home/my2770/project/wandb/run-20231216_072006-h7fj32ev/files/output.log
2023-12-16 07:20:11,860 DEBUG   HandlerThread:291956 [handler.py:handle_request():146] handle_request: status_report
2023-12-16 07:20:12,385 INFO    Thread-12 :291956 [dir_watcher.py:_on_file_modified():288] file/dir modified: /home/my2770/project/wandb/run-20231216_072006-h7fj32ev/files/output.log
2023-12-16 07:20:13,996 DEBUG   HandlerThread:291956 [handler.py:handle_request():146] handle_request: partial_history
2023-12-16 07:20:13,997 DEBUG   HandlerThread:291956 [handler.py:handle_request():146] handle_request: partial_history
2023-12-16 07:20:13,997 DEBUG   HandlerThread:291956 [handler.py:handle_request():146] handle_request: partial_history
2023-12-16 07:20:13,998 DEBUG   SenderThread:291956 [sender.py:send():382] send: history
2023-12-16 07:20:13,998 DEBUG   SenderThread:291956 [sender.py:send_request():409] send_request: summary_record
2023-12-16 07:20:14,000 INFO    SenderThread:291956 [sender.py:_save_file():1392] saving file wandb-summary.json with policy end
2023-12-16 07:20:14,000 DEBUG   SenderThread:291956 [sender.py:send():382] send: history
2023-12-16 07:20:14,000 DEBUG   SenderThread:291956 [sender.py:send_request():409] send_request: summary_record
2023-12-16 07:20:14,001 INFO    SenderThread:291956 [sender.py:_save_file():1392] saving file wandb-summary.json with policy end
2023-12-16 07:20:14,001 DEBUG   SenderThread:291956 [sender.py:send():382] send: history
2023-12-16 07:20:14,001 DEBUG   SenderThread:291956 [sender.py:send_request():409] send_request: summary_record
2023-12-16 07:20:14,002 INFO    SenderThread:291956 [sender.py:_save_file():1392] saving file wandb-summary.json with policy end
2023-12-16 07:20:14,385 INFO    Thread-12 :291956 [dir_watcher.py:_on_file_created():271] file/dir created: /home/my2770/project/wandb/run-20231216_072006-h7fj32ev/files/wandb-summary.json
2023-12-16 07:20:17,003 DEBUG   HandlerThread:291956 [handler.py:handle_request():146] handle_request: status_report
2023-12-16 07:20:17,662 DEBUG   HandlerThread:291956 [handler.py:handle_request():146] handle_request: partial_history
2023-12-16 07:20:17,662 DEBUG   HandlerThread:291956 [handler.py:handle_request():146] handle_request: partial_history
2023-12-16 07:20:17,663 DEBUG   HandlerThread:291956 [handler.py:handle_request():146] handle_request: partial_history
2023-12-16 07:20:17,663 DEBUG   SenderThread:291956 [sender.py:send():382] send: history
2023-12-16 07:20:17,663 DEBUG   SenderThread:291956 [sender.py:send_request():409] send_request: summary_record
2023-12-16 07:20:17,664 INFO    SenderThread:291956 [sender.py:_save_file():1392] saving file wandb-summary.json with policy end
2023-12-16 07:20:17,664 DEBUG   SenderThread:291956 [sender.py:send():382] send: history
2023-12-16 07:20:17,664 DEBUG   SenderThread:291956 [sender.py:send_request():409] send_request: summary_record
2023-12-16 07:20:17,665 INFO    SenderThread:291956 [sender.py:_save_file():1392] saving file wandb-summary.json with policy end
2023-12-16 07:20:17,665 DEBUG   SenderThread:291956 [sender.py:send():382] send: history
2023-12-16 07:20:17,665 DEBUG   SenderThread:291956 [sender.py:send_request():409] send_request: summary_record
2023-12-16 07:20:17,666 INFO    SenderThread:291956 [sender.py:_save_file():1392] saving file wandb-summary.json with policy end
2023-12-16 07:20:18,387 INFO    Thread-12 :291956 [dir_watcher.py:_on_file_modified():288] file/dir modified: /home/my2770/project/wandb/run-20231216_072006-h7fj32ev/files/wandb-summary.json
2023-12-16 07:20:21,337 DEBUG   HandlerThread:291956 [handler.py:handle_request():146] handle_request: partial_history
2023-12-16 07:20:21,337 DEBUG   HandlerThread:291956 [handler.py:handle_request():146] handle_request: partial_history
2023-12-16 07:20:21,338 DEBUG   HandlerThread:291956 [handler.py:handle_request():146] handle_request: partial_history
2023-12-16 07:20:21,339 DEBUG   SenderThread:291956 [sender.py:send():382] send: history
2023-12-16 07:20:21,339 DEBUG   SenderThread:291956 [sender.py:send_request():409] send_request: summary_record
2023-12-16 07:20:21,339 INFO    SenderThread:291956 [sender.py:_save_file():1392] saving file wandb-summary.json with policy end
2023-12-16 07:20:21,340 DEBUG   SenderThread:291956 [sender.py:send():382] send: history
2023-12-16 07:20:21,340 DEBUG   SenderThread:291956 [sender.py:send_request():409] send_request: summary_record
2023-12-16 07:20:21,340 INFO    SenderThread:291956 [sender.py:_save_file():1392] saving file wandb-summary.json with policy end
2023-12-16 07:20:21,340 DEBUG   SenderThread:291956 [sender.py:send():382] send: history
2023-12-16 07:20:21,341 DEBUG   SenderThread:291956 [sender.py:send_request():409] send_request: summary_record
2023-12-16 07:20:21,341 INFO    SenderThread:291956 [sender.py:_save_file():1392] saving file wandb-summary.json with policy end
2023-12-16 07:20:21,388 INFO    Thread-12 :291956 [dir_watcher.py:_on_file_modified():288] file/dir modified: /home/my2770/project/wandb/run-20231216_072006-h7fj32ev/files/wandb-summary.json
2023-12-16 07:20:21,543 DEBUG   HandlerThread:291956 [handler.py:handle_request():146] handle_request: stop_status
2023-12-16 07:20:21,543 DEBUG   SenderThread:291956 [sender.py:send_request():409] send_request: stop_status
2023-12-16 07:20:21,545 DEBUG   HandlerThread:291956 [handler.py:handle_request():146] handle_request: internal_messages
2023-12-16 07:20:22,640 DEBUG   HandlerThread:291956 [handler.py:handle_request():146] handle_request: status_report
2023-12-16 07:20:25,009 DEBUG   HandlerThread:291956 [handler.py:handle_request():146] handle_request: partial_history
2023-12-16 07:20:25,010 DEBUG   HandlerThread:291956 [handler.py:handle_request():146] handle_request: partial_history
2023-12-16 07:20:25,010 DEBUG   HandlerThread:291956 [handler.py:handle_request():146] handle_request: partial_history
2023-12-16 07:20:25,011 DEBUG   SenderThread:291956 [sender.py:send():382] send: history
2023-12-16 07:20:25,011 DEBUG   SenderThread:291956 [sender.py:send_request():409] send_request: summary_record
2023-12-16 07:20:25,011 INFO    SenderThread:291956 [sender.py:_save_file():1392] saving file wandb-summary.json with policy end
2023-12-16 07:20:25,012 DEBUG   SenderThread:291956 [sender.py:send():382] send: history
2023-12-16 07:20:25,012 DEBUG   SenderThread:291956 [sender.py:send_request():409] send_request: summary_record
2023-12-16 07:20:25,013 INFO    SenderThread:291956 [sender.py:_save_file():1392] saving file wandb-summary.json with policy end
2023-12-16 07:20:25,013 DEBUG   SenderThread:291956 [sender.py:send():382] send: history
2023-12-16 07:20:25,013 DEBUG   SenderThread:291956 [sender.py:send_request():409] send_request: summary_record
2023-12-16 07:20:25,013 INFO    SenderThread:291956 [sender.py:_save_file():1392] saving file wandb-summary.json with policy end
2023-12-16 07:20:25,389 INFO    Thread-12 :291956 [dir_watcher.py:_on_file_modified():288] file/dir modified: /home/my2770/project/wandb/run-20231216_072006-h7fj32ev/files/wandb-summary.json
2023-12-16 07:20:28,014 DEBUG   HandlerThread:291956 [handler.py:handle_request():146] handle_request: status_report
2023-12-16 07:20:28,712 DEBUG   HandlerThread:291956 [handler.py:handle_request():146] handle_request: partial_history
2023-12-16 07:20:28,713 DEBUG   HandlerThread:291956 [handler.py:handle_request():146] handle_request: partial_history
2023-12-16 07:20:28,713 DEBUG   HandlerThread:291956 [handler.py:handle_request():146] handle_request: partial_history
2023-12-16 07:20:28,714 DEBUG   SenderThread:291956 [sender.py:send():382] send: history
2023-12-16 07:20:28,714 DEBUG   SenderThread:291956 [sender.py:send_request():409] send_request: summary_record
2023-12-16 07:20:28,714 INFO    SenderThread:291956 [sender.py:_save_file():1392] saving file wandb-summary.json with policy end
2023-12-16 07:20:28,715 DEBUG   SenderThread:291956 [sender.py:send():382] send: history
2023-12-16 07:20:28,715 DEBUG   SenderThread:291956 [sender.py:send_request():409] send_request: summary_record
2023-12-16 07:20:28,715 INFO    SenderThread:291956 [sender.py:_save_file():1392] saving file wandb-summary.json with policy end
2023-12-16 07:20:28,715 DEBUG   SenderThread:291956 [sender.py:send():382] send: history
2023-12-16 07:20:28,716 DEBUG   SenderThread:291956 [sender.py:send_request():409] send_request: summary_record
2023-12-16 07:20:28,716 INFO    SenderThread:291956 [sender.py:_save_file():1392] saving file wandb-summary.json with policy end
2023-12-16 07:20:29,390 INFO    Thread-12 :291956 [dir_watcher.py:_on_file_modified():288] file/dir modified: /home/my2770/project/wandb/run-20231216_072006-h7fj32ev/files/wandb-summary.json
2023-12-16 07:20:32,410 DEBUG   HandlerThread:291956 [handler.py:handle_request():146] handle_request: partial_history
2023-12-16 07:20:32,411 DEBUG   HandlerThread:291956 [handler.py:handle_request():146] handle_request: partial_history
2023-12-16 07:20:32,411 DEBUG   HandlerThread:291956 [handler.py:handle_request():146] handle_request: partial_history
2023-12-16 07:20:32,412 DEBUG   SenderThread:291956 [sender.py:send():382] send: history
2023-12-16 07:20:32,412 DEBUG   SenderThread:291956 [sender.py:send_request():409] send_request: summary_record
2023-12-16 07:20:32,412 INFO    SenderThread:291956 [sender.py:_save_file():1392] saving file wandb-summary.json with policy end
2023-12-16 07:20:32,413 DEBUG   SenderThread:291956 [sender.py:send():382] send: history
2023-12-16 07:20:32,413 DEBUG   SenderThread:291956 [sender.py:send_request():409] send_request: summary_record
2023-12-16 07:20:32,413 INFO    SenderThread:291956 [sender.py:_save_file():1392] saving file wandb-summary.json with policy end
2023-12-16 07:20:32,413 DEBUG   SenderThread:291956 [sender.py:send():382] send: history
2023-12-16 07:20:32,414 DEBUG   SenderThread:291956 [sender.py:send_request():409] send_request: summary_record
2023-12-16 07:20:32,414 INFO    SenderThread:291956 [sender.py:_save_file():1392] saving file wandb-summary.json with policy end
2023-12-16 07:20:33,392 INFO    Thread-12 :291956 [dir_watcher.py:_on_file_modified():288] file/dir modified: /home/my2770/project/wandb/run-20231216_072006-h7fj32ev/files/wandb-summary.json
2023-12-16 07:20:33,414 DEBUG   HandlerThread:291956 [handler.py:handle_request():146] handle_request: status_report
2023-12-16 07:20:36,128 DEBUG   HandlerThread:291956 [handler.py:handle_request():146] handle_request: partial_history
2023-12-16 07:20:36,128 DEBUG   HandlerThread:291956 [handler.py:handle_request():146] handle_request: partial_history
2023-12-16 07:20:36,128 DEBUG   HandlerThread:291956 [handler.py:handle_request():146] handle_request: partial_history
2023-12-16 07:20:36,129 DEBUG   SenderThread:291956 [sender.py:send():382] send: history
2023-12-16 07:20:36,130 DEBUG   SenderThread:291956 [sender.py:send_request():409] send_request: summary_record
2023-12-16 07:20:36,130 INFO    SenderThread:291956 [sender.py:_save_file():1392] saving file wandb-summary.json with policy end
2023-12-16 07:20:36,130 DEBUG   SenderThread:291956 [sender.py:send():382] send: history
2023-12-16 07:20:36,130 DEBUG   SenderThread:291956 [sender.py:send_request():409] send_request: summary_record
2023-12-16 07:20:36,131 INFO    SenderThread:291956 [sender.py:_save_file():1392] saving file wandb-summary.json with policy end
2023-12-16 07:20:36,131 DEBUG   SenderThread:291956 [sender.py:send():382] send: history
2023-12-16 07:20:36,131 DEBUG   SenderThread:291956 [sender.py:send_request():409] send_request: summary_record
2023-12-16 07:20:36,132 INFO    SenderThread:291956 [sender.py:_save_file():1392] saving file wandb-summary.json with policy end
2023-12-16 07:20:36,393 INFO    Thread-12 :291956 [dir_watcher.py:_on_file_modified():288] file/dir modified: /home/my2770/project/wandb/run-20231216_072006-h7fj32ev/files/wandb-summary.json
2023-12-16 07:20:36,639 DEBUG   HandlerThread:291956 [handler.py:handle_request():146] handle_request: internal_messages
2023-12-16 07:20:36,639 DEBUG   HandlerThread:291956 [handler.py:handle_request():146] handle_request: stop_status
2023-12-16 07:20:36,639 DEBUG   SenderThread:291956 [sender.py:send_request():409] send_request: stop_status
2023-12-16 07:20:38,729 DEBUG   HandlerThread:291956 [handler.py:handle_request():146] handle_request: status_report
2023-12-16 07:20:39,394 INFO    Thread-12 :291956 [dir_watcher.py:_on_file_modified():288] file/dir modified: /home/my2770/project/wandb/run-20231216_072006-h7fj32ev/files/config.yaml
2023-12-16 07:20:39,838 DEBUG   HandlerThread:291956 [handler.py:handle_request():146] handle_request: partial_history
2023-12-16 07:20:39,839 DEBUG   SenderThread:291956 [sender.py:send():382] send: history
2023-12-16 07:20:39,839 DEBUG   SenderThread:291956 [sender.py:send_request():409] send_request: summary_record
2023-12-16 07:20:39,839 INFO    SenderThread:291956 [sender.py:_save_file():1392] saving file wandb-summary.json with policy end
2023-12-16 07:20:39,879 DEBUG   HandlerThread:291956 [handler.py:handle_request():146] handle_request: partial_history
2023-12-16 07:20:39,880 DEBUG   HandlerThread:291956 [handler.py:handle_request():146] handle_request: partial_history
2023-12-16 07:20:39,880 DEBUG   SenderThread:291956 [sender.py:send():382] send: history
2023-12-16 07:20:39,881 DEBUG   SenderThread:291956 [sender.py:send_request():409] send_request: summary_record
2023-12-16 07:20:39,881 INFO    SenderThread:291956 [sender.py:_save_file():1392] saving file wandb-summary.json with policy end
2023-12-16 07:20:39,881 DEBUG   SenderThread:291956 [sender.py:send():382] send: history
2023-12-16 07:20:39,882 DEBUG   SenderThread:291956 [sender.py:send_request():409] send_request: summary_record
2023-12-16 07:20:39,882 INFO    SenderThread:291956 [sender.py:_save_file():1392] saving file wandb-summary.json with policy end
2023-12-16 07:20:40,394 INFO    Thread-12 :291956 [dir_watcher.py:_on_file_modified():288] file/dir modified: /home/my2770/project/wandb/run-20231216_072006-h7fj32ev/files/wandb-summary.json
2023-12-16 07:20:43,585 DEBUG   HandlerThread:291956 [handler.py:handle_request():146] handle_request: partial_history
2023-12-16 07:20:43,585 DEBUG   HandlerThread:291956 [handler.py:handle_request():146] handle_request: partial_history
2023-12-16 07:20:43,586 DEBUG   HandlerThread:291956 [handler.py:handle_request():146] handle_request: partial_history
2023-12-16 07:20:43,586 DEBUG   SenderThread:291956 [sender.py:send():382] send: history
2023-12-16 07:20:43,587 DEBUG   SenderThread:291956 [sender.py:send_request():409] send_request: summary_record
2023-12-16 07:20:43,587 INFO    SenderThread:291956 [sender.py:_save_file():1392] saving file wandb-summary.json with policy end
2023-12-16 07:20:43,587 DEBUG   SenderThread:291956 [sender.py:send():382] send: history
2023-12-16 07:20:43,587 DEBUG   SenderThread:291956 [sender.py:send_request():409] send_request: summary_record
2023-12-16 07:20:43,588 INFO    SenderThread:291956 [sender.py:_save_file():1392] saving file wandb-summary.json with policy end
2023-12-16 07:20:43,588 DEBUG   SenderThread:291956 [sender.py:send():382] send: history
2023-12-16 07:20:43,588 DEBUG   SenderThread:291956 [sender.py:send_request():409] send_request: summary_record
2023-12-16 07:20:43,588 INFO    SenderThread:291956 [sender.py:_save_file():1392] saving file wandb-summary.json with policy end
2023-12-16 07:20:44,396 INFO    Thread-12 :291956 [dir_watcher.py:_on_file_modified():288] file/dir modified: /home/my2770/project/wandb/run-20231216_072006-h7fj32ev/files/wandb-summary.json
2023-12-16 07:20:44,589 DEBUG   HandlerThread:291956 [handler.py:handle_request():146] handle_request: status_report
2023-12-16 07:20:47,331 DEBUG   HandlerThread:291956 [handler.py:handle_request():146] handle_request: partial_history
2023-12-16 07:20:47,332 DEBUG   HandlerThread:291956 [handler.py:handle_request():146] handle_request: partial_history
2023-12-16 07:20:47,332 DEBUG   HandlerThread:291956 [handler.py:handle_request():146] handle_request: partial_history
2023-12-16 07:20:47,333 DEBUG   SenderThread:291956 [sender.py:send():382] send: history
2023-12-16 07:20:47,333 DEBUG   SenderThread:291956 [sender.py:send_request():409] send_request: summary_record
2023-12-16 07:20:47,333 INFO    SenderThread:291956 [sender.py:_save_file():1392] saving file wandb-summary.json with policy end
2023-12-16 07:20:47,334 DEBUG   SenderThread:291956 [sender.py:send():382] send: history
2023-12-16 07:20:47,334 DEBUG   SenderThread:291956 [sender.py:send_request():409] send_request: summary_record
2023-12-16 07:20:47,335 INFO    SenderThread:291956 [sender.py:_save_file():1392] saving file wandb-summary.json with policy end
2023-12-16 07:20:47,335 DEBUG   SenderThread:291956 [sender.py:send():382] send: history
2023-12-16 07:20:47,335 DEBUG   SenderThread:291956 [sender.py:send_request():409] send_request: summary_record
2023-12-16 07:20:47,335 INFO    SenderThread:291956 [sender.py:_save_file():1392] saving file wandb-summary.json with policy end
2023-12-16 07:20:47,397 INFO    Thread-12 :291956 [dir_watcher.py:_on_file_modified():288] file/dir modified: /home/my2770/project/wandb/run-20231216_072006-h7fj32ev/files/wandb-summary.json
2023-12-16 07:20:50,336 DEBUG   HandlerThread:291956 [handler.py:handle_request():146] handle_request: status_report
2023-12-16 07:20:51,082 DEBUG   HandlerThread:291956 [handler.py:handle_request():146] handle_request: partial_history
2023-12-16 07:20:51,082 DEBUG   HandlerThread:291956 [handler.py:handle_request():146] handle_request: partial_history
2023-12-16 07:20:51,082 DEBUG   HandlerThread:291956 [handler.py:handle_request():146] handle_request: partial_history
2023-12-16 07:20:51,083 DEBUG   SenderThread:291956 [sender.py:send():382] send: history
2023-12-16 07:20:51,083 DEBUG   SenderThread:291956 [sender.py:send_request():409] send_request: summary_record
2023-12-16 07:20:51,084 INFO    SenderThread:291956 [sender.py:_save_file():1392] saving file wandb-summary.json with policy end
2023-12-16 07:20:51,084 DEBUG   SenderThread:291956 [sender.py:send():382] send: history
2023-12-16 07:20:51,084 DEBUG   SenderThread:291956 [sender.py:send_request():409] send_request: summary_record
2023-12-16 07:20:51,085 INFO    SenderThread:291956 [sender.py:_save_file():1392] saving file wandb-summary.json with policy end
2023-12-16 07:20:51,085 DEBUG   SenderThread:291956 [sender.py:send():382] send: history
2023-12-16 07:20:51,085 DEBUG   SenderThread:291956 [sender.py:send_request():409] send_request: summary_record
2023-12-16 07:20:51,086 INFO    SenderThread:291956 [sender.py:_save_file():1392] saving file wandb-summary.json with policy end
2023-12-16 07:20:51,398 INFO    Thread-12 :291956 [dir_watcher.py:_on_file_modified():288] file/dir modified: /home/my2770/project/wandb/run-20231216_072006-h7fj32ev/files/wandb-summary.json
2023-12-16 07:20:51,608 DEBUG   HandlerThread:291956 [handler.py:handle_request():146] handle_request: stop_status
2023-12-16 07:20:51,609 DEBUG   SenderThread:291956 [sender.py:send_request():409] send_request: stop_status
2023-12-16 07:20:51,623 DEBUG   HandlerThread:291956 [handler.py:handle_request():146] handle_request: internal_messages
2023-12-16 07:20:54,847 DEBUG   HandlerThread:291956 [handler.py:handle_request():146] handle_request: partial_history
2023-12-16 07:20:54,848 DEBUG   SenderThread:291956 [sender.py:send():382] send: history
2023-12-16 07:20:54,848 DEBUG   SenderThread:291956 [sender.py:send_request():409] send_request: summary_record
2023-12-16 07:20:54,849 INFO    SenderThread:291956 [sender.py:_save_file():1392] saving file wandb-summary.json with policy end
2023-12-16 07:20:54,887 DEBUG   HandlerThread:291956 [handler.py:handle_request():146] handle_request: partial_history
2023-12-16 07:20:54,888 DEBUG   HandlerThread:291956 [handler.py:handle_request():146] handle_request: partial_history
2023-12-16 07:20:54,888 DEBUG   SenderThread:291956 [sender.py:send():382] send: history
2023-12-16 07:20:54,889 DEBUG   SenderThread:291956 [sender.py:send_request():409] send_request: summary_record
2023-12-16 07:20:54,889 INFO    SenderThread:291956 [sender.py:_save_file():1392] saving file wandb-summary.json with policy end
2023-12-16 07:20:54,889 DEBUG   SenderThread:291956 [sender.py:send():382] send: history
2023-12-16 07:20:54,889 DEBUG   SenderThread:291956 [sender.py:send_request():409] send_request: summary_record
2023-12-16 07:20:54,890 INFO    SenderThread:291956 [sender.py:_save_file():1392] saving file wandb-summary.json with policy end
2023-12-16 07:20:55,400 INFO    Thread-12 :291956 [dir_watcher.py:_on_file_modified():288] file/dir modified: /home/my2770/project/wandb/run-20231216_072006-h7fj32ev/files/wandb-summary.json
2023-12-16 07:20:55,890 DEBUG   HandlerThread:291956 [handler.py:handle_request():146] handle_request: status_report
2023-12-16 07:20:58,632 DEBUG   HandlerThread:291956 [handler.py:handle_request():146] handle_request: partial_history
2023-12-16 07:20:58,633 DEBUG   HandlerThread:291956 [handler.py:handle_request():146] handle_request: partial_history
2023-12-16 07:20:58,633 DEBUG   HandlerThread:291956 [handler.py:handle_request():146] handle_request: partial_history
2023-12-16 07:20:58,634 DEBUG   SenderThread:291956 [sender.py:send():382] send: history
2023-12-16 07:20:58,634 DEBUG   SenderThread:291956 [sender.py:send_request():409] send_request: summary_record
2023-12-16 07:20:58,635 INFO    SenderThread:291956 [sender.py:_save_file():1392] saving file wandb-summary.json with policy end
2023-12-16 07:20:58,635 DEBUG   SenderThread:291956 [sender.py:send():382] send: history
2023-12-16 07:20:58,635 DEBUG   SenderThread:291956 [sender.py:send_request():409] send_request: summary_record
2023-12-16 07:20:58,636 INFO    SenderThread:291956 [sender.py:_save_file():1392] saving file wandb-summary.json with policy end
2023-12-16 07:20:58,636 DEBUG   SenderThread:291956 [sender.py:send():382] send: history
2023-12-16 07:20:58,636 DEBUG   SenderThread:291956 [sender.py:send_request():409] send_request: summary_record
2023-12-16 07:20:58,636 INFO    SenderThread:291956 [sender.py:_save_file():1392] saving file wandb-summary.json with policy end
2023-12-16 07:20:59,401 INFO    Thread-12 :291956 [dir_watcher.py:_on_file_modified():288] file/dir modified: /home/my2770/project/wandb/run-20231216_072006-h7fj32ev/files/wandb-summary.json
2023-12-16 07:21:01,638 DEBUG   HandlerThread:291956 [handler.py:handle_request():146] handle_request: status_report
2023-12-16 07:21:02,427 DEBUG   HandlerThread:291956 [handler.py:handle_request():146] handle_request: partial_history
2023-12-16 07:21:02,427 DEBUG   HandlerThread:291956 [handler.py:handle_request():146] handle_request: partial_history
2023-12-16 07:21:02,427 DEBUG   HandlerThread:291956 [handler.py:handle_request():146] handle_request: partial_history
2023-12-16 07:21:02,428 DEBUG   SenderThread:291956 [sender.py:send():382] send: history
2023-12-16 07:21:02,428 DEBUG   SenderThread:291956 [sender.py:send_request():409] send_request: summary_record
2023-12-16 07:21:02,429 INFO    SenderThread:291956 [sender.py:_save_file():1392] saving file wandb-summary.json with policy end
2023-12-16 07:21:02,429 DEBUG   SenderThread:291956 [sender.py:send():382] send: history
2023-12-16 07:21:02,429 DEBUG   SenderThread:291956 [sender.py:send_request():409] send_request: summary_record
2023-12-16 07:21:02,429 INFO    SenderThread:291956 [sender.py:_save_file():1392] saving file wandb-summary.json with policy end
2023-12-16 07:21:02,430 DEBUG   SenderThread:291956 [sender.py:send():382] send: history
2023-12-16 07:21:02,430 DEBUG   SenderThread:291956 [sender.py:send_request():409] send_request: summary_record
2023-12-16 07:21:02,430 INFO    SenderThread:291956 [sender.py:_save_file():1392] saving file wandb-summary.json with policy end
2023-12-16 07:21:03,402 INFO    Thread-12 :291956 [dir_watcher.py:_on_file_modified():288] file/dir modified: /home/my2770/project/wandb/run-20231216_072006-h7fj32ev/files/wandb-summary.json
2023-12-16 07:21:06,229 DEBUG   HandlerThread:291956 [handler.py:handle_request():146] handle_request: partial_history
2023-12-16 07:21:06,230 DEBUG   HandlerThread:291956 [handler.py:handle_request():146] handle_request: partial_history
2023-12-16 07:21:06,230 DEBUG   HandlerThread:291956 [handler.py:handle_request():146] handle_request: partial_history
2023-12-16 07:21:06,231 DEBUG   SenderThread:291956 [sender.py:send():382] send: history
2023-12-16 07:21:06,231 DEBUG   SenderThread:291956 [sender.py:send_request():409] send_request: summary_record
2023-12-16 07:21:06,231 INFO    SenderThread:291956 [sender.py:_save_file():1392] saving file wandb-summary.json with policy end
2023-12-16 07:21:06,232 DEBUG   SenderThread:291956 [sender.py:send():382] send: history
2023-12-16 07:21:06,232 DEBUG   SenderThread:291956 [sender.py:send_request():409] send_request: summary_record
2023-12-16 07:21:06,233 INFO    SenderThread:291956 [sender.py:_save_file():1392] saving file wandb-summary.json with policy end
2023-12-16 07:21:06,233 DEBUG   SenderThread:291956 [sender.py:send():382] send: history
2023-12-16 07:21:06,233 DEBUG   SenderThread:291956 [sender.py:send_request():409] send_request: summary_record
2023-12-16 07:21:06,233 INFO    SenderThread:291956 [sender.py:_save_file():1392] saving file wandb-summary.json with policy end
2023-12-16 07:21:06,403 INFO    Thread-12 :291956 [dir_watcher.py:_on_file_modified():288] file/dir modified: /home/my2770/project/wandb/run-20231216_072006-h7fj32ev/files/wandb-summary.json
2023-12-16 07:21:06,488 DEBUG   SystemMonitor:291956 [system_monitor.py:_start():172] Starting system metrics aggregation loop
2023-12-16 07:21:06,489 DEBUG   SenderThread:291956 [sender.py:send():382] send: stats
2023-12-16 07:21:06,593 DEBUG   HandlerThread:291956 [handler.py:handle_request():146] handle_request: stop_status
2023-12-16 07:21:06,593 DEBUG   SenderThread:291956 [sender.py:send_request():409] send_request: stop_status
2023-12-16 07:21:06,595 DEBUG   HandlerThread:291956 [handler.py:handle_request():146] handle_request: internal_messages
2023-12-16 07:21:07,635 DEBUG   HandlerThread:291956 [handler.py:handle_request():146] handle_request: status_report
2023-12-16 07:21:10,044 DEBUG   HandlerThread:291956 [handler.py:handle_request():146] handle_request: partial_history
2023-12-16 07:21:10,044 DEBUG   SenderThread:291956 [sender.py:send():382] send: history
2023-12-16 07:21:10,045 DEBUG   SenderThread:291956 [sender.py:send_request():409] send_request: summary_record
2023-12-16 07:21:10,045 INFO    SenderThread:291956 [sender.py:_save_file():1392] saving file wandb-summary.json with policy end
2023-12-16 07:21:10,091 DEBUG   HandlerThread:291956 [handler.py:handle_request():146] handle_request: partial_history
2023-12-16 07:21:10,092 DEBUG   HandlerThread:291956 [handler.py:handle_request():146] handle_request: partial_history
2023-12-16 07:21:10,092 DEBUG   SenderThread:291956 [sender.py:send():382] send: history
2023-12-16 07:21:10,093 DEBUG   SenderThread:291956 [sender.py:send_request():409] send_request: summary_record
2023-12-16 07:21:10,093 INFO    SenderThread:291956 [sender.py:_save_file():1392] saving file wandb-summary.json with policy end
2023-12-16 07:21:10,093 DEBUG   SenderThread:291956 [sender.py:send():382] send: history
2023-12-16 07:21:10,093 DEBUG   SenderThread:291956 [sender.py:send_request():409] send_request: summary_record
2023-12-16 07:21:10,094 INFO    SenderThread:291956 [sender.py:_save_file():1392] saving file wandb-summary.json with policy end
2023-12-16 07:21:10,405 INFO    Thread-12 :291956 [dir_watcher.py:_on_file_modified():288] file/dir modified: /home/my2770/project/wandb/run-20231216_072006-h7fj32ev/files/wandb-summary.json
2023-12-16 07:21:13,095 DEBUG   HandlerThread:291956 [handler.py:handle_request():146] handle_request: status_report
2023-12-16 07:21:13,856 DEBUG   HandlerThread:291956 [handler.py:handle_request():146] handle_request: partial_history
2023-12-16 07:21:13,856 DEBUG   HandlerThread:291956 [handler.py:handle_request():146] handle_request: partial_history
2023-12-16 07:21:13,857 DEBUG   HandlerThread:291956 [handler.py:handle_request():146] handle_request: partial_history
2023-12-16 07:21:13,857 DEBUG   SenderThread:291956 [sender.py:send():382] send: history
2023-12-16 07:21:13,857 DEBUG   SenderThread:291956 [sender.py:send_request():409] send_request: summary_record
2023-12-16 07:21:13,858 INFO    SenderThread:291956 [sender.py:_save_file():1392] saving file wandb-summary.json with policy end
2023-12-16 07:21:13,858 DEBUG   SenderThread:291956 [sender.py:send():382] send: history
2023-12-16 07:21:13,858 DEBUG   SenderThread:291956 [sender.py:send_request():409] send_request: summary_record
2023-12-16 07:21:13,859 INFO    SenderThread:291956 [sender.py:_save_file():1392] saving file wandb-summary.json with policy end
2023-12-16 07:21:13,859 DEBUG   SenderThread:291956 [sender.py:send():382] send: history
2023-12-16 07:21:13,859 DEBUG   SenderThread:291956 [sender.py:send_request():409] send_request: summary_record
2023-12-16 07:21:13,860 INFO    SenderThread:291956 [sender.py:_save_file():1392] saving file wandb-summary.json with policy end
2023-12-16 07:21:14,406 INFO    Thread-12 :291956 [dir_watcher.py:_on_file_modified():288] file/dir modified: /home/my2770/project/wandb/run-20231216_072006-h7fj32ev/files/wandb-summary.json
2023-12-16 07:21:17,664 DEBUG   HandlerThread:291956 [handler.py:handle_request():146] handle_request: partial_history
2023-12-16 07:21:17,665 DEBUG   HandlerThread:291956 [handler.py:handle_request():146] handle_request: partial_history
2023-12-16 07:21:17,665 DEBUG   HandlerThread:291956 [handler.py:handle_request():146] handle_request: partial_history
2023-12-16 07:21:17,666 DEBUG   SenderThread:291956 [sender.py:send():382] send: history
2023-12-16 07:21:17,666 DEBUG   SenderThread:291956 [sender.py:send_request():409] send_request: summary_record
2023-12-16 07:21:17,668 INFO    SenderThread:291956 [sender.py:_save_file():1392] saving file wandb-summary.json with policy end
2023-12-16 07:21:17,668 DEBUG   SenderThread:291956 [sender.py:send():382] send: history
2023-12-16 07:21:17,668 DEBUG   SenderThread:291956 [sender.py:send_request():409] send_request: summary_record
2023-12-16 07:21:17,669 INFO    SenderThread:291956 [sender.py:_save_file():1392] saving file wandb-summary.json with policy end
2023-12-16 07:21:17,669 DEBUG   SenderThread:291956 [sender.py:send():382] send: history
2023-12-16 07:21:17,669 DEBUG   SenderThread:291956 [sender.py:send_request():409] send_request: summary_record
2023-12-16 07:21:17,669 INFO    SenderThread:291956 [sender.py:_save_file():1392] saving file wandb-summary.json with policy end
2023-12-16 07:21:18,408 INFO    Thread-12 :291956 [dir_watcher.py:_on_file_modified():288] file/dir modified: /home/my2770/project/wandb/run-20231216_072006-h7fj32ev/files/wandb-summary.json
2023-12-16 07:21:18,670 DEBUG   HandlerThread:291956 [handler.py:handle_request():146] handle_request: status_report
2023-12-16 07:21:21,500 DEBUG   HandlerThread:291956 [handler.py:handle_request():146] handle_request: partial_history
2023-12-16 07:21:21,500 DEBUG   HandlerThread:291956 [handler.py:handle_request():146] handle_request: partial_history
2023-12-16 07:21:21,501 DEBUG   HandlerThread:291956 [handler.py:handle_request():146] handle_request: partial_history
2023-12-16 07:21:21,502 DEBUG   SenderThread:291956 [sender.py:send():382] send: history
2023-12-16 07:21:21,502 DEBUG   SenderThread:291956 [sender.py:send_request():409] send_request: summary_record
2023-12-16 07:21:21,502 INFO    SenderThread:291956 [sender.py:_save_file():1392] saving file wandb-summary.json with policy end
2023-12-16 07:21:21,503 DEBUG   SenderThread:291956 [sender.py:send():382] send: history
2023-12-16 07:21:21,503 DEBUG   SenderThread:291956 [sender.py:send_request():409] send_request: summary_record
2023-12-16 07:21:21,503 INFO    SenderThread:291956 [sender.py:_save_file():1392] saving file wandb-summary.json with policy end
2023-12-16 07:21:21,504 DEBUG   SenderThread:291956 [sender.py:send():382] send: history
2023-12-16 07:21:21,504 DEBUG   SenderThread:291956 [sender.py:send_request():409] send_request: summary_record
2023-12-16 07:21:21,504 INFO    SenderThread:291956 [sender.py:_save_file():1392] saving file wandb-summary.json with policy end
2023-12-16 07:21:21,633 DEBUG   HandlerThread:291956 [handler.py:handle_request():146] handle_request: stop_status
2023-12-16 07:21:21,633 DEBUG   HandlerThread:291956 [handler.py:handle_request():146] handle_request: internal_messages
2023-12-16 07:21:21,633 DEBUG   SenderThread:291956 [sender.py:send_request():409] send_request: stop_status
2023-12-16 07:21:22,409 INFO    Thread-12 :291956 [dir_watcher.py:_on_file_modified():288] file/dir modified: /home/my2770/project/wandb/run-20231216_072006-h7fj32ev/files/wandb-summary.json
2023-12-16 07:21:23,710 DEBUG   HandlerThread:291956 [handler.py:handle_request():146] handle_request: status_report
2023-12-16 07:21:25,330 DEBUG   HandlerThread:291956 [handler.py:handle_request():146] handle_request: partial_history
2023-12-16 07:21:25,331 DEBUG   SenderThread:291956 [sender.py:send():382] send: history
2023-12-16 07:21:25,331 DEBUG   SenderThread:291956 [sender.py:send_request():409] send_request: summary_record
2023-12-16 07:21:25,332 INFO    SenderThread:291956 [sender.py:_save_file():1392] saving file wandb-summary.json with policy end
2023-12-16 07:21:25,371 DEBUG   HandlerThread:291956 [handler.py:handle_request():146] handle_request: partial_history
2023-12-16 07:21:25,372 DEBUG   HandlerThread:291956 [handler.py:handle_request():146] handle_request: partial_history
2023-12-16 07:21:25,372 DEBUG   SenderThread:291956 [sender.py:send():382] send: history
2023-12-16 07:21:25,372 DEBUG   SenderThread:291956 [sender.py:send_request():409] send_request: summary_record
2023-12-16 07:21:25,373 INFO    SenderThread:291956 [sender.py:_save_file():1392] saving file wandb-summary.json with policy end
2023-12-16 07:21:25,373 DEBUG   SenderThread:291956 [sender.py:send():382] send: history
2023-12-16 07:21:25,373 DEBUG   SenderThread:291956 [sender.py:send_request():409] send_request: summary_record
2023-12-16 07:21:25,374 INFO    SenderThread:291956 [sender.py:_save_file():1392] saving file wandb-summary.json with policy end
2023-12-16 07:21:25,410 INFO    Thread-12 :291956 [dir_watcher.py:_on_file_modified():288] file/dir modified: /home/my2770/project/wandb/run-20231216_072006-h7fj32ev/files/wandb-summary.json
2023-12-16 07:21:29,181 DEBUG   HandlerThread:291956 [handler.py:handle_request():146] handle_request: partial_history
2023-12-16 07:21:29,182 DEBUG   HandlerThread:291956 [handler.py:handle_request():146] handle_request: partial_history
2023-12-16 07:21:29,183 DEBUG   SenderThread:291956 [sender.py:send():382] send: history
2023-12-16 07:21:29,183 DEBUG   HandlerThread:291956 [handler.py:handle_request():146] handle_request: partial_history
2023-12-16 07:21:29,184 DEBUG   SenderThread:291956 [sender.py:send_request():409] send_request: summary_record
2023-12-16 07:21:29,184 DEBUG   HandlerThread:291956 [handler.py:handle_request():146] handle_request: status_report
2023-12-16 07:21:29,186 INFO    SenderThread:291956 [sender.py:_save_file():1392] saving file wandb-summary.json with policy end
2023-12-16 07:21:29,187 DEBUG   SenderThread:291956 [sender.py:send():382] send: history
2023-12-16 07:21:29,187 DEBUG   SenderThread:291956 [sender.py:send_request():409] send_request: summary_record
2023-12-16 07:21:29,187 INFO    SenderThread:291956 [sender.py:_save_file():1392] saving file wandb-summary.json with policy end
2023-12-16 07:21:29,188 DEBUG   SenderThread:291956 [sender.py:send():382] send: history
2023-12-16 07:21:29,188 DEBUG   SenderThread:291956 [sender.py:send_request():409] send_request: summary_record
2023-12-16 07:21:29,188 INFO    SenderThread:291956 [sender.py:_save_file():1392] saving file wandb-summary.json with policy end
2023-12-16 07:21:29,411 INFO    Thread-12 :291956 [dir_watcher.py:_on_file_modified():288] file/dir modified: /home/my2770/project/wandb/run-20231216_072006-h7fj32ev/files/wandb-summary.json
2023-12-16 07:21:29,589 DEBUG   SenderThread:291956 [sender.py:send():382] send: telemetry
2023-12-16 07:21:29,590 DEBUG   SenderThread:291956 [sender.py:send():382] send: exit
2023-12-16 07:21:29,590 INFO    SenderThread:291956 [sender.py:send_exit():589] handling exit code: 1
2023-12-16 07:21:29,590 INFO    SenderThread:291956 [sender.py:send_exit():591] handling runtime: 83
2023-12-16 07:21:29,590 INFO    SenderThread:291956 [sender.py:_save_file():1392] saving file wandb-summary.json with policy end
2023-12-16 07:21:29,590 INFO    SenderThread:291956 [sender.py:send_exit():597] send defer
2023-12-16 07:21:29,590 DEBUG   HandlerThread:291956 [handler.py:handle_request():146] handle_request: defer
2023-12-16 07:21:29,590 INFO    HandlerThread:291956 [handler.py:handle_request_defer():172] handle defer: 0
2023-12-16 07:21:29,591 DEBUG   SenderThread:291956 [sender.py:send_request():409] send_request: defer
2023-12-16 07:21:29,591 INFO    SenderThread:291956 [sender.py:send_request_defer():613] handle sender defer: 0
2023-12-16 07:21:29,591 INFO    SenderThread:291956 [sender.py:transition_state():617] send defer: 1
2023-12-16 07:21:29,591 DEBUG   HandlerThread:291956 [handler.py:handle_request():146] handle_request: defer
2023-12-16 07:21:29,591 INFO    HandlerThread:291956 [handler.py:handle_request_defer():172] handle defer: 1
2023-12-16 07:21:29,591 DEBUG   SenderThread:291956 [sender.py:send_request():409] send_request: defer
2023-12-16 07:21:29,591 INFO    SenderThread:291956 [sender.py:send_request_defer():613] handle sender defer: 1
2023-12-16 07:21:29,591 INFO    SenderThread:291956 [sender.py:transition_state():617] send defer: 2
2023-12-16 07:21:29,592 DEBUG   HandlerThread:291956 [handler.py:handle_request():146] handle_request: defer
2023-12-16 07:21:29,592 INFO    HandlerThread:291956 [handler.py:handle_request_defer():172] handle defer: 2
2023-12-16 07:21:29,592 INFO    HandlerThread:291956 [system_monitor.py:finish():203] Stopping system monitor
2023-12-16 07:21:29,592 INFO    HandlerThread:291956 [interfaces.py:finish():202] Joined cpu monitor
2023-12-16 07:21:29,592 INFO    HandlerThread:291956 [interfaces.py:finish():202] Joined disk monitor
2023-12-16 07:21:29,593 DEBUG   SystemMonitor:291956 [system_monitor.py:_start():179] Finished system metrics aggregation loop
2023-12-16 07:21:29,593 DEBUG   SystemMonitor:291956 [system_monitor.py:_start():183] Publishing last batch of metrics
2023-12-16 07:21:29,706 INFO    HandlerThread:291956 [interfaces.py:finish():202] Joined gpu monitor
2023-12-16 07:21:29,706 INFO    HandlerThread:291956 [interfaces.py:finish():202] Joined memory monitor
2023-12-16 07:21:29,707 INFO    HandlerThread:291956 [interfaces.py:finish():202] Joined network monitor
2023-12-16 07:21:29,707 DEBUG   SenderThread:291956 [sender.py:send_request():409] send_request: defer
2023-12-16 07:21:29,707 INFO    SenderThread:291956 [sender.py:send_request_defer():613] handle sender defer: 2
2023-12-16 07:21:29,707 INFO    SenderThread:291956 [sender.py:transition_state():617] send defer: 3
2023-12-16 07:21:29,707 DEBUG   HandlerThread:291956 [handler.py:handle_request():146] handle_request: defer
2023-12-16 07:21:29,707 INFO    HandlerThread:291956 [handler.py:handle_request_defer():172] handle defer: 3
2023-12-16 07:21:29,708 DEBUG   SenderThread:291956 [sender.py:send():382] send: stats
2023-12-16 07:21:29,708 DEBUG   SenderThread:291956 [sender.py:send_request():409] send_request: defer
2023-12-16 07:21:29,708 INFO    SenderThread:291956 [sender.py:send_request_defer():613] handle sender defer: 3
2023-12-16 07:21:29,708 INFO    SenderThread:291956 [sender.py:transition_state():617] send defer: 4
2023-12-16 07:21:29,708 DEBUG   HandlerThread:291956 [handler.py:handle_request():146] handle_request: defer
2023-12-16 07:21:29,708 INFO    HandlerThread:291956 [handler.py:handle_request_defer():172] handle defer: 4
2023-12-16 07:21:29,708 DEBUG   SenderThread:291956 [sender.py:send_request():409] send_request: defer
2023-12-16 07:21:29,708 INFO    SenderThread:291956 [sender.py:send_request_defer():613] handle sender defer: 4
2023-12-16 07:21:29,708 INFO    SenderThread:291956 [sender.py:transition_state():617] send defer: 5
2023-12-16 07:21:29,709 DEBUG   HandlerThread:291956 [handler.py:handle_request():146] handle_request: defer
2023-12-16 07:21:29,709 INFO    HandlerThread:291956 [handler.py:handle_request_defer():172] handle defer: 5
2023-12-16 07:21:29,709 DEBUG   SenderThread:291956 [sender.py:send():382] send: summary
2023-12-16 07:21:29,709 INFO    SenderThread:291956 [sender.py:_save_file():1392] saving file wandb-summary.json with policy end
2023-12-16 07:21:29,709 DEBUG   SenderThread:291956 [sender.py:send_request():409] send_request: defer
2023-12-16 07:21:29,710 INFO    SenderThread:291956 [sender.py:send_request_defer():613] handle sender defer: 5
2023-12-16 07:21:29,710 INFO    SenderThread:291956 [sender.py:transition_state():617] send defer: 6
2023-12-16 07:21:29,710 DEBUG   HandlerThread:291956 [handler.py:handle_request():146] handle_request: defer
2023-12-16 07:21:29,710 INFO    HandlerThread:291956 [handler.py:handle_request_defer():172] handle defer: 6
2023-12-16 07:21:29,710 DEBUG   SenderThread:291956 [sender.py:send_request():409] send_request: defer
2023-12-16 07:21:29,710 INFO    SenderThread:291956 [sender.py:send_request_defer():613] handle sender defer: 6
2023-12-16 07:21:29,713 DEBUG   HandlerThread:291956 [handler.py:handle_request():146] handle_request: status_report
2023-12-16 07:21:29,781 INFO    SenderThread:291956 [sender.py:transition_state():617] send defer: 7
2023-12-16 07:21:29,782 DEBUG   HandlerThread:291956 [handler.py:handle_request():146] handle_request: defer
2023-12-16 07:21:29,782 INFO    HandlerThread:291956 [handler.py:handle_request_defer():172] handle defer: 7
2023-12-16 07:21:29,782 DEBUG   SenderThread:291956 [sender.py:send_request():409] send_request: defer
2023-12-16 07:21:29,782 INFO    SenderThread:291956 [sender.py:send_request_defer():613] handle sender defer: 7
2023-12-16 07:21:30,412 INFO    Thread-12 :291956 [dir_watcher.py:_on_file_modified():288] file/dir modified: /home/my2770/project/wandb/run-20231216_072006-h7fj32ev/files/wandb-summary.json
2023-12-16 07:21:30,412 INFO    Thread-12 :291956 [dir_watcher.py:_on_file_modified():288] file/dir modified: /home/my2770/project/wandb/run-20231216_072006-h7fj32ev/files/output.log
2023-12-16 07:21:30,412 INFO    Thread-12 :291956 [dir_watcher.py:_on_file_modified():288] file/dir modified: /home/my2770/project/wandb/run-20231216_072006-h7fj32ev/files/config.yaml
2023-12-16 07:21:30,589 DEBUG   HandlerThread:291956 [handler.py:handle_request():146] handle_request: poll_exit
2023-12-16 07:21:31,596 INFO    SenderThread:291956 [sender.py:transition_state():617] send defer: 8
2023-12-16 07:21:31,596 DEBUG   SenderThread:291956 [sender.py:send_request():409] send_request: poll_exit
2023-12-16 07:21:31,596 DEBUG   HandlerThread:291956 [handler.py:handle_request():146] handle_request: defer
2023-12-16 07:21:31,596 INFO    HandlerThread:291956 [handler.py:handle_request_defer():172] handle defer: 8
2023-12-16 07:21:31,597 DEBUG   SenderThread:291956 [sender.py:send_request():409] send_request: defer
2023-12-16 07:21:31,597 INFO    SenderThread:291956 [sender.py:send_request_defer():613] handle sender defer: 8
2023-12-16 07:21:31,597 INFO    SenderThread:291956 [sender.py:transition_state():617] send defer: 9
2023-12-16 07:21:31,597 DEBUG   HandlerThread:291956 [handler.py:handle_request():146] handle_request: defer
2023-12-16 07:21:31,597 INFO    HandlerThread:291956 [handler.py:handle_request_defer():172] handle defer: 9
2023-12-16 07:21:31,597 DEBUG   SenderThread:291956 [sender.py:send_request():409] send_request: defer
2023-12-16 07:21:31,597 INFO    SenderThread:291956 [sender.py:send_request_defer():613] handle sender defer: 9
2023-12-16 07:21:31,597 INFO    SenderThread:291956 [dir_watcher.py:finish():358] shutting down directory watcher
2023-12-16 07:21:32,413 INFO    Thread-12 :291956 [dir_watcher.py:_on_file_modified():288] file/dir modified: /home/my2770/project/wandb/run-20231216_072006-h7fj32ev/files/output.log
2023-12-16 07:21:32,413 INFO    SenderThread:291956 [dir_watcher.py:finish():388] scan: /home/my2770/project/wandb/run-20231216_072006-h7fj32ev/files
2023-12-16 07:21:32,413 INFO    SenderThread:291956 [dir_watcher.py:finish():402] scan save: /home/my2770/project/wandb/run-20231216_072006-h7fj32ev/files/output.log output.log
2023-12-16 07:21:32,413 INFO    SenderThread:291956 [dir_watcher.py:finish():402] scan save: /home/my2770/project/wandb/run-20231216_072006-h7fj32ev/files/wandb-metadata.json wandb-metadata.json
2023-12-16 07:21:32,414 INFO    SenderThread:291956 [dir_watcher.py:finish():402] scan save: /home/my2770/project/wandb/run-20231216_072006-h7fj32ev/files/wandb-summary.json wandb-summary.json
2023-12-16 07:21:32,414 INFO    SenderThread:291956 [dir_watcher.py:finish():402] scan save: /home/my2770/project/wandb/run-20231216_072006-h7fj32ev/files/config.yaml config.yaml
2023-12-16 07:21:32,414 INFO    SenderThread:291956 [dir_watcher.py:finish():402] scan save: /home/my2770/project/wandb/run-20231216_072006-h7fj32ev/files/requirements.txt requirements.txt
2023-12-16 07:21:32,416 INFO    SenderThread:291956 [sender.py:transition_state():617] send defer: 10
2023-12-16 07:21:32,419 DEBUG   HandlerThread:291956 [handler.py:handle_request():146] handle_request: defer
2023-12-16 07:21:32,419 INFO    HandlerThread:291956 [handler.py:handle_request_defer():172] handle defer: 10
2023-12-16 07:21:32,421 DEBUG   SenderThread:291956 [sender.py:send_request():409] send_request: defer
2023-12-16 07:21:32,421 INFO    SenderThread:291956 [sender.py:send_request_defer():613] handle sender defer: 10
2023-12-16 07:21:32,421 INFO    SenderThread:291956 [file_pusher.py:finish():175] shutting down file pusher
2023-12-16 07:21:32,589 DEBUG   HandlerThread:291956 [handler.py:handle_request():146] handle_request: poll_exit
2023-12-16 07:21:32,590 DEBUG   SenderThread:291956 [sender.py:send_request():409] send_request: poll_exit
2023-12-16 07:21:32,652 INFO    wandb-upload_0:291956 [upload_job.py:push():131] Uploaded file /home/my2770/project/wandb/run-20231216_072006-h7fj32ev/files/output.log
2023-12-16 07:21:32,707 INFO    wandb-upload_2:291956 [upload_job.py:push():131] Uploaded file /home/my2770/project/wandb/run-20231216_072006-h7fj32ev/files/config.yaml
2023-12-16 07:21:32,737 INFO    wandb-upload_1:291956 [upload_job.py:push():131] Uploaded file /home/my2770/project/wandb/run-20231216_072006-h7fj32ev/files/wandb-summary.json
2023-12-16 07:21:32,874 INFO    wandb-upload_3:291956 [upload_job.py:push():131] Uploaded file /home/my2770/project/wandb/run-20231216_072006-h7fj32ev/files/requirements.txt
2023-12-16 07:21:33,074 INFO    Thread-11 (_thread_body):291956 [sender.py:transition_state():617] send defer: 11
2023-12-16 07:21:33,075 DEBUG   HandlerThread:291956 [handler.py:handle_request():146] handle_request: defer
2023-12-16 07:21:33,075 INFO    HandlerThread:291956 [handler.py:handle_request_defer():172] handle defer: 11
2023-12-16 07:21:33,075 DEBUG   SenderThread:291956 [sender.py:send_request():409] send_request: defer
2023-12-16 07:21:33,075 INFO    SenderThread:291956 [sender.py:send_request_defer():613] handle sender defer: 11
2023-12-16 07:21:33,076 INFO    SenderThread:291956 [file_pusher.py:join():181] waiting for file pusher
2023-12-16 07:21:33,076 INFO    SenderThread:291956 [sender.py:transition_state():617] send defer: 12
2023-12-16 07:21:33,076 DEBUG   HandlerThread:291956 [handler.py:handle_request():146] handle_request: defer
2023-12-16 07:21:33,076 INFO    HandlerThread:291956 [handler.py:handle_request_defer():172] handle defer: 12
2023-12-16 07:21:33,076 DEBUG   SenderThread:291956 [sender.py:send_request():409] send_request: defer
2023-12-16 07:21:33,076 INFO    SenderThread:291956 [sender.py:send_request_defer():613] handle sender defer: 12
2023-12-16 07:21:33,076 INFO    SenderThread:291956 [file_stream.py:finish():595] file stream finish called
2023-12-16 07:21:33,265 INFO    SenderThread:291956 [file_stream.py:finish():599] file stream finish is done
2023-12-16 07:21:33,265 INFO    SenderThread:291956 [sender.py:transition_state():617] send defer: 13
2023-12-16 07:21:33,265 DEBUG   HandlerThread:291956 [handler.py:handle_request():146] handle_request: defer
2023-12-16 07:21:33,265 INFO    HandlerThread:291956 [handler.py:handle_request_defer():172] handle defer: 13
2023-12-16 07:21:33,266 DEBUG   SenderThread:291956 [sender.py:send_request():409] send_request: defer
2023-12-16 07:21:33,266 INFO    SenderThread:291956 [sender.py:send_request_defer():613] handle sender defer: 13
2023-12-16 07:21:33,266 INFO    SenderThread:291956 [sender.py:transition_state():617] send defer: 14
2023-12-16 07:21:33,266 DEBUG   HandlerThread:291956 [handler.py:handle_request():146] handle_request: defer
2023-12-16 07:21:33,266 INFO    HandlerThread:291956 [handler.py:handle_request_defer():172] handle defer: 14
2023-12-16 07:21:33,266 DEBUG   SenderThread:291956 [sender.py:send():382] send: final
2023-12-16 07:21:33,266 DEBUG   SenderThread:291956 [sender.py:send():382] send: footer
2023-12-16 07:21:33,266 DEBUG   SenderThread:291956 [sender.py:send_request():409] send_request: defer
2023-12-16 07:21:33,267 INFO    SenderThread:291956 [sender.py:send_request_defer():613] handle sender defer: 14
2023-12-16 07:21:33,267 DEBUG   HandlerThread:291956 [handler.py:handle_request():146] handle_request: poll_exit
2023-12-16 07:21:33,268 DEBUG   SenderThread:291956 [sender.py:send_request():409] send_request: poll_exit
2023-12-16 07:21:33,269 DEBUG   HandlerThread:291956 [handler.py:handle_request():146] handle_request: internal_messages
2023-12-16 07:21:33,269 DEBUG   HandlerThread:291956 [handler.py:handle_request():146] handle_request: server_info
2023-12-16 07:21:33,270 DEBUG   SenderThread:291956 [sender.py:send_request():409] send_request: server_info
2023-12-16 07:21:33,311 DEBUG   HandlerThread:291956 [handler.py:handle_request():146] handle_request: get_summary
2023-12-16 07:21:33,312 DEBUG   HandlerThread:291956 [handler.py:handle_request():146] handle_request: sampled_history
2023-12-16 07:21:33,312 DEBUG   HandlerThread:291956 [handler.py:handle_request():146] handle_request: job_info
2023-12-16 07:21:33,321 DEBUG   SenderThread:291956 [sender.py:send_request():409] send_request: job_info
2023-12-16 07:21:33,356 DEBUG   HandlerThread:291956 [handler.py:handle_request():146] handle_request: shutdown
2023-12-16 07:21:33,356 INFO    HandlerThread:291956 [handler.py:finish():866] shutting down handler
2023-12-16 07:21:34,312 INFO    WriterThread:291956 [datastore.py:close():294] close: /home/my2770/project/wandb/run-20231216_072006-h7fj32ev/run-h7fj32ev.wandb
2023-12-16 07:21:34,321 INFO    SenderThread:291956 [sender.py:finish():1548] shutting down sender
2023-12-16 07:21:34,321 INFO    SenderThread:291956 [file_pusher.py:finish():175] shutting down file pusher
2023-12-16 07:21:34,322 INFO    SenderThread:291956 [file_pusher.py:join():181] waiting for file pusher
