2023-12-16 07:21:38,399 INFO    StreamThr :292210 [internal.py:wandb_internal():86] W&B internal server running at pid: 292210, started at: 2023-12-16 07:21:38.399197
2023-12-16 07:21:38,400 DEBUG   HandlerThread:292210 [handler.py:handle_request():146] handle_request: status
2023-12-16 07:21:38,408 INFO    WriterThread:292210 [datastore.py:open_for_write():85] open: /home/my2770/project/wandb/run-20231216_072138-msertaov/run-msertaov.wandb
2023-12-16 07:21:38,408 DEBUG   SenderThread:292210 [sender.py:send():382] send: header
2023-12-16 07:21:38,408 DEBUG   SenderThread:292210 [sender.py:send():382] send: run
2023-12-16 07:21:38,557 INFO    SenderThread:292210 [dir_watcher.py:__init__():211] watching files in: /home/my2770/project/wandb/run-20231216_072138-msertaov/files
2023-12-16 07:21:38,557 INFO    SenderThread:292210 [sender.py:_start_run_threads():1136] run started: msertaov with start time 1702711298.397777
2023-12-16 07:21:38,566 DEBUG   HandlerThread:292210 [handler.py:handle_request():146] handle_request: check_version
2023-12-16 07:21:38,566 DEBUG   SenderThread:292210 [sender.py:send_request():409] send_request: check_version
2023-12-16 07:21:38,652 DEBUG   HandlerThread:292210 [handler.py:handle_request():146] handle_request: run_start
2023-12-16 07:21:38,659 DEBUG   HandlerThread:292210 [system_info.py:__init__():32] System info init
2023-12-16 07:21:38,659 DEBUG   HandlerThread:292210 [system_info.py:__init__():47] System info init done
2023-12-16 07:21:38,659 INFO    HandlerThread:292210 [system_monitor.py:start():194] Starting system monitor
2023-12-16 07:21:38,660 INFO    SystemMonitor:292210 [system_monitor.py:_start():158] Starting system asset monitoring threads
2023-12-16 07:21:38,660 INFO    HandlerThread:292210 [system_monitor.py:probe():214] Collecting system info
2023-12-16 07:21:38,660 INFO    SystemMonitor:292210 [interfaces.py:start():190] Started cpu monitoring
2023-12-16 07:21:38,661 INFO    SystemMonitor:292210 [interfaces.py:start():190] Started disk monitoring
2023-12-16 07:21:38,662 INFO    SystemMonitor:292210 [interfaces.py:start():190] Started gpu monitoring
2023-12-16 07:21:38,663 INFO    SystemMonitor:292210 [interfaces.py:start():190] Started memory monitoring
2023-12-16 07:21:38,663 INFO    SystemMonitor:292210 [interfaces.py:start():190] Started network monitoring
2023-12-16 07:21:38,697 DEBUG   HandlerThread:292210 [system_info.py:probe():196] Probing system
2023-12-16 07:21:38,699 DEBUG   HandlerThread:292210 [gitlib.py:_init_repo():56] git repository is invalid
2023-12-16 07:21:38,699 DEBUG   HandlerThread:292210 [system_info.py:probe():244] Probing system done
2023-12-16 07:21:38,699 DEBUG   HandlerThread:292210 [system_monitor.py:probe():223] {'os': 'Linux-5.10.0-26-cloud-amd64-x86_64-with-glibc2.31', 'python': '3.10.13', 'heartbeatAt': '2023-12-16T07:21:38.697507', 'startedAt': '2023-12-16T07:21:38.391432', 'docker': None, 'cuda': None, 'args': (), 'state': 'running', 'program': '/home/my2770/project/train_wandb.py', 'codePathLocal': 'train_wandb.py', 'codePath': 'train_wandb.py', 'host': 'instance-4', 'username': 'my2770', 'executable': '/home/my2770/project/aihwkit_env/bin/python3', 'cpu_count': 4, 'cpu_count_logical': 8, 'cpu_freq': {'current': 2000.1939999999997, 'min': 0.0, 'max': 0.0}, 'cpu_freq_per_core': [{'current': 2000.194, 'min': 0.0, 'max': 0.0}, {'current': 2000.194, 'min': 0.0, 'max': 0.0}, {'current': 2000.194, 'min': 0.0, 'max': 0.0}, {'current': 2000.194, 'min': 0.0, 'max': 0.0}, {'current': 2000.194, 'min': 0.0, 'max': 0.0}, {'current': 2000.194, 'min': 0.0, 'max': 0.0}, {'current': 2000.194, 'min': 0.0, 'max': 0.0}, {'current': 2000.194, 'min': 0.0, 'max': 0.0}], 'disk': {'/': {'total': 98.18611526489258, 'used': 45.83662414550781}}, 'gpu': 'Tesla T4', 'gpu_count': 4, 'gpu_devices': [{'name': 'Tesla T4', 'memory_total': 16106127360}, {'name': 'Tesla T4', 'memory_total': 16106127360}, {'name': 'Tesla T4', 'memory_total': 16106127360}, {'name': 'Tesla T4', 'memory_total': 16106127360}], 'memory': {'total': 29.38990020751953}}
2023-12-16 07:21:38,700 INFO    HandlerThread:292210 [system_monitor.py:probe():224] Finished collecting system info
2023-12-16 07:21:38,700 INFO    HandlerThread:292210 [system_monitor.py:probe():227] Publishing system info
2023-12-16 07:21:38,700 DEBUG   HandlerThread:292210 [system_info.py:_save_pip():52] Saving list of pip packages installed into the current environment
2023-12-16 07:21:38,700 DEBUG   HandlerThread:292210 [system_info.py:_save_pip():68] Saving pip packages done
2023-12-16 07:21:38,701 INFO    HandlerThread:292210 [system_monitor.py:probe():229] Finished publishing system info
2023-12-16 07:21:38,704 DEBUG   SenderThread:292210 [sender.py:send():382] send: files
2023-12-16 07:21:38,704 INFO    SenderThread:292210 [sender.py:_save_file():1392] saving file wandb-metadata.json with policy now
2023-12-16 07:21:38,710 DEBUG   SenderThread:292210 [sender.py:send():382] send: telemetry
2023-12-16 07:21:38,719 DEBUG   HandlerThread:292210 [handler.py:handle_request():146] handle_request: internal_messages
2023-12-16 07:21:38,728 DEBUG   HandlerThread:292210 [handler.py:handle_request():146] handle_request: stop_status
2023-12-16 07:21:38,729 DEBUG   SenderThread:292210 [sender.py:send_request():409] send_request: stop_status
2023-12-16 07:21:39,010 INFO    wandb-upload_0:292210 [upload_job.py:push():131] Uploaded file /var/tmp/tmpjkgsbaykwandb/yyyyjccx-wandb-metadata.json
2023-12-16 07:21:39,559 INFO    Thread-12 :292210 [dir_watcher.py:_on_file_created():271] file/dir created: /home/my2770/project/wandb/run-20231216_072138-msertaov/files/wandb-metadata.json
2023-12-16 07:21:39,559 INFO    Thread-12 :292210 [dir_watcher.py:_on_file_created():271] file/dir created: /home/my2770/project/wandb/run-20231216_072138-msertaov/files/requirements.txt
2023-12-16 07:21:41,559 INFO    Thread-12 :292210 [dir_watcher.py:_on_file_created():271] file/dir created: /home/my2770/project/wandb/run-20231216_072138-msertaov/files/output.log
2023-12-16 07:21:43,559 INFO    Thread-12 :292210 [dir_watcher.py:_on_file_modified():288] file/dir modified: /home/my2770/project/wandb/run-20231216_072138-msertaov/files/output.log
2023-12-16 07:21:43,736 DEBUG   HandlerThread:292210 [handler.py:handle_request():146] handle_request: status_report
2023-12-16 07:21:45,535 DEBUG   HandlerThread:292210 [handler.py:handle_request():146] handle_request: partial_history
2023-12-16 07:21:45,535 DEBUG   HandlerThread:292210 [handler.py:handle_request():146] handle_request: partial_history
2023-12-16 07:21:45,536 DEBUG   HandlerThread:292210 [handler.py:handle_request():146] handle_request: partial_history
2023-12-16 07:21:45,537 DEBUG   SenderThread:292210 [sender.py:send():382] send: history
2023-12-16 07:21:45,537 DEBUG   SenderThread:292210 [sender.py:send_request():409] send_request: summary_record
2023-12-16 07:21:45,539 INFO    SenderThread:292210 [sender.py:_save_file():1392] saving file wandb-summary.json with policy end
2023-12-16 07:21:45,539 DEBUG   SenderThread:292210 [sender.py:send():382] send: history
2023-12-16 07:21:45,539 DEBUG   SenderThread:292210 [sender.py:send_request():409] send_request: summary_record
2023-12-16 07:21:45,539 INFO    SenderThread:292210 [sender.py:_save_file():1392] saving file wandb-summary.json with policy end
2023-12-16 07:21:45,540 DEBUG   SenderThread:292210 [sender.py:send():382] send: history
2023-12-16 07:21:45,540 DEBUG   SenderThread:292210 [sender.py:send_request():409] send_request: summary_record
2023-12-16 07:21:45,540 INFO    SenderThread:292210 [sender.py:_save_file():1392] saving file wandb-summary.json with policy end
2023-12-16 07:21:45,560 INFO    Thread-12 :292210 [dir_watcher.py:_on_file_created():271] file/dir created: /home/my2770/project/wandb/run-20231216_072138-msertaov/files/wandb-summary.json
2023-12-16 07:21:49,541 DEBUG   HandlerThread:292210 [handler.py:handle_request():146] handle_request: status_report
2023-12-16 07:21:49,813 DEBUG   HandlerThread:292210 [handler.py:handle_request():146] handle_request: partial_history
2023-12-16 07:21:49,813 DEBUG   HandlerThread:292210 [handler.py:handle_request():146] handle_request: partial_history
2023-12-16 07:21:49,814 DEBUG   HandlerThread:292210 [handler.py:handle_request():146] handle_request: partial_history
2023-12-16 07:21:49,814 DEBUG   SenderThread:292210 [sender.py:send():382] send: history
2023-12-16 07:21:49,814 DEBUG   SenderThread:292210 [sender.py:send_request():409] send_request: summary_record
2023-12-16 07:21:49,816 INFO    SenderThread:292210 [sender.py:_save_file():1392] saving file wandb-summary.json with policy end
2023-12-16 07:21:49,816 DEBUG   SenderThread:292210 [sender.py:send():382] send: history
2023-12-16 07:21:49,816 DEBUG   SenderThread:292210 [sender.py:send_request():409] send_request: summary_record
2023-12-16 07:21:49,816 INFO    SenderThread:292210 [sender.py:_save_file():1392] saving file wandb-summary.json with policy end
2023-12-16 07:21:49,817 DEBUG   SenderThread:292210 [sender.py:send():382] send: history
2023-12-16 07:21:49,817 DEBUG   SenderThread:292210 [sender.py:send_request():409] send_request: summary_record
2023-12-16 07:21:49,817 INFO    SenderThread:292210 [sender.py:_save_file():1392] saving file wandb-summary.json with policy end
2023-12-16 07:21:50,562 INFO    Thread-12 :292210 [dir_watcher.py:_on_file_modified():288] file/dir modified: /home/my2770/project/wandb/run-20231216_072138-msertaov/files/wandb-summary.json
2023-12-16 07:21:53,757 DEBUG   HandlerThread:292210 [handler.py:handle_request():146] handle_request: stop_status
2023-12-16 07:21:53,758 DEBUG   SenderThread:292210 [sender.py:send_request():409] send_request: stop_status
2023-12-16 07:21:53,799 DEBUG   HandlerThread:292210 [handler.py:handle_request():146] handle_request: internal_messages
2023-12-16 07:21:54,105 DEBUG   HandlerThread:292210 [handler.py:handle_request():146] handle_request: partial_history
2023-12-16 07:21:54,106 DEBUG   SenderThread:292210 [sender.py:send():382] send: history
2023-12-16 07:21:54,106 DEBUG   SenderThread:292210 [sender.py:send_request():409] send_request: summary_record
2023-12-16 07:21:54,107 INFO    SenderThread:292210 [sender.py:_save_file():1392] saving file wandb-summary.json with policy end
2023-12-16 07:21:54,147 DEBUG   HandlerThread:292210 [handler.py:handle_request():146] handle_request: partial_history
2023-12-16 07:21:54,148 DEBUG   HandlerThread:292210 [handler.py:handle_request():146] handle_request: partial_history
2023-12-16 07:21:54,148 DEBUG   SenderThread:292210 [sender.py:send():382] send: history
2023-12-16 07:21:54,148 DEBUG   SenderThread:292210 [sender.py:send_request():409] send_request: summary_record
2023-12-16 07:21:54,149 INFO    SenderThread:292210 [sender.py:_save_file():1392] saving file wandb-summary.json with policy end
2023-12-16 07:21:54,149 DEBUG   SenderThread:292210 [sender.py:send():382] send: history
2023-12-16 07:21:54,149 DEBUG   SenderThread:292210 [sender.py:send_request():409] send_request: summary_record
2023-12-16 07:21:54,149 INFO    SenderThread:292210 [sender.py:_save_file():1392] saving file wandb-summary.json with policy end
2023-12-16 07:21:54,563 INFO    Thread-12 :292210 [dir_watcher.py:_on_file_modified():288] file/dir modified: /home/my2770/project/wandb/run-20231216_072138-msertaov/files/wandb-summary.json
2023-12-16 07:21:55,150 DEBUG   HandlerThread:292210 [handler.py:handle_request():146] handle_request: status_report
2023-12-16 07:21:58,404 DEBUG   HandlerThread:292210 [handler.py:handle_request():146] handle_request: partial_history
2023-12-16 07:21:58,404 DEBUG   HandlerThread:292210 [handler.py:handle_request():146] handle_request: partial_history
2023-12-16 07:21:58,405 DEBUG   HandlerThread:292210 [handler.py:handle_request():146] handle_request: partial_history
2023-12-16 07:21:58,405 DEBUG   SenderThread:292210 [sender.py:send():382] send: history
2023-12-16 07:21:58,406 DEBUG   SenderThread:292210 [sender.py:send_request():409] send_request: summary_record
2023-12-16 07:21:58,408 INFO    SenderThread:292210 [sender.py:_save_file():1392] saving file wandb-summary.json with policy end
2023-12-16 07:21:58,408 DEBUG   SenderThread:292210 [sender.py:send():382] send: history
2023-12-16 07:21:58,408 DEBUG   SenderThread:292210 [sender.py:send_request():409] send_request: summary_record
2023-12-16 07:21:58,408 INFO    SenderThread:292210 [sender.py:_save_file():1392] saving file wandb-summary.json with policy end
2023-12-16 07:21:58,409 DEBUG   SenderThread:292210 [sender.py:send():382] send: history
2023-12-16 07:21:58,409 DEBUG   SenderThread:292210 [sender.py:send_request():409] send_request: summary_record
2023-12-16 07:21:58,409 INFO    SenderThread:292210 [sender.py:_save_file():1392] saving file wandb-summary.json with policy end
2023-12-16 07:21:58,565 INFO    Thread-12 :292210 [dir_watcher.py:_on_file_modified():288] file/dir modified: /home/my2770/project/wandb/run-20231216_072138-msertaov/files/wandb-summary.json
2023-12-16 07:22:00,410 DEBUG   HandlerThread:292210 [handler.py:handle_request():146] handle_request: status_report
2023-12-16 07:22:02,721 DEBUG   HandlerThread:292210 [handler.py:handle_request():146] handle_request: partial_history
2023-12-16 07:22:02,721 DEBUG   HandlerThread:292210 [handler.py:handle_request():146] handle_request: partial_history
2023-12-16 07:22:02,722 DEBUG   HandlerThread:292210 [handler.py:handle_request():146] handle_request: partial_history
2023-12-16 07:22:02,722 DEBUG   SenderThread:292210 [sender.py:send():382] send: history
2023-12-16 07:22:02,723 DEBUG   SenderThread:292210 [sender.py:send_request():409] send_request: summary_record
2023-12-16 07:22:02,724 INFO    SenderThread:292210 [sender.py:_save_file():1392] saving file wandb-summary.json with policy end
2023-12-16 07:22:02,725 DEBUG   SenderThread:292210 [sender.py:send():382] send: history
2023-12-16 07:22:02,725 DEBUG   SenderThread:292210 [sender.py:send_request():409] send_request: summary_record
2023-12-16 07:22:02,725 INFO    SenderThread:292210 [sender.py:_save_file():1392] saving file wandb-summary.json with policy end
2023-12-16 07:22:02,726 DEBUG   SenderThread:292210 [sender.py:send():382] send: history
2023-12-16 07:22:02,726 DEBUG   SenderThread:292210 [sender.py:send_request():409] send_request: summary_record
2023-12-16 07:22:02,726 INFO    SenderThread:292210 [sender.py:_save_file():1392] saving file wandb-summary.json with policy end
2023-12-16 07:22:03,567 INFO    Thread-12 :292210 [dir_watcher.py:_on_file_modified():288] file/dir modified: /home/my2770/project/wandb/run-20231216_072138-msertaov/files/wandb-summary.json
2023-12-16 07:22:05,727 DEBUG   HandlerThread:292210 [handler.py:handle_request():146] handle_request: status_report
2023-12-16 07:22:07,052 DEBUG   HandlerThread:292210 [handler.py:handle_request():146] handle_request: partial_history
2023-12-16 07:22:07,052 DEBUG   HandlerThread:292210 [handler.py:handle_request():146] handle_request: partial_history
2023-12-16 07:22:07,053 DEBUG   HandlerThread:292210 [handler.py:handle_request():146] handle_request: partial_history
2023-12-16 07:22:07,054 DEBUG   SenderThread:292210 [sender.py:send():382] send: history
2023-12-16 07:22:07,054 DEBUG   SenderThread:292210 [sender.py:send_request():409] send_request: summary_record
2023-12-16 07:22:07,056 INFO    SenderThread:292210 [sender.py:_save_file():1392] saving file wandb-summary.json with policy end
2023-12-16 07:22:07,056 DEBUG   SenderThread:292210 [sender.py:send():382] send: history
2023-12-16 07:22:07,056 DEBUG   SenderThread:292210 [sender.py:send_request():409] send_request: summary_record
2023-12-16 07:22:07,056 INFO    SenderThread:292210 [sender.py:_save_file():1392] saving file wandb-summary.json with policy end
2023-12-16 07:22:07,057 DEBUG   SenderThread:292210 [sender.py:send():382] send: history
2023-12-16 07:22:07,057 DEBUG   SenderThread:292210 [sender.py:send_request():409] send_request: summary_record
2023-12-16 07:22:07,057 INFO    SenderThread:292210 [sender.py:_save_file():1392] saving file wandb-summary.json with policy end
2023-12-16 07:22:07,568 INFO    Thread-12 :292210 [dir_watcher.py:_on_file_modified():288] file/dir modified: /home/my2770/project/wandb/run-20231216_072138-msertaov/files/wandb-summary.json
2023-12-16 07:22:08,821 DEBUG   HandlerThread:292210 [handler.py:handle_request():146] handle_request: stop_status
2023-12-16 07:22:08,821 DEBUG   SenderThread:292210 [sender.py:send_request():409] send_request: stop_status
2023-12-16 07:22:08,821 DEBUG   HandlerThread:292210 [handler.py:handle_request():146] handle_request: internal_messages
2023-12-16 07:22:10,971 DEBUG   HandlerThread:292210 [handler.py:handle_request():146] handle_request: status_report
2023-12-16 07:22:11,388 DEBUG   HandlerThread:292210 [handler.py:handle_request():146] handle_request: partial_history
2023-12-16 07:22:11,388 DEBUG   HandlerThread:292210 [handler.py:handle_request():146] handle_request: partial_history
2023-12-16 07:22:11,389 DEBUG   HandlerThread:292210 [handler.py:handle_request():146] handle_request: partial_history
2023-12-16 07:22:11,390 DEBUG   SenderThread:292210 [sender.py:send():382] send: history
2023-12-16 07:22:11,390 DEBUG   SenderThread:292210 [sender.py:send_request():409] send_request: summary_record
2023-12-16 07:22:11,392 INFO    SenderThread:292210 [sender.py:_save_file():1392] saving file wandb-summary.json with policy end
2023-12-16 07:22:11,392 DEBUG   SenderThread:292210 [sender.py:send():382] send: history
2023-12-16 07:22:11,392 DEBUG   SenderThread:292210 [sender.py:send_request():409] send_request: summary_record
2023-12-16 07:22:11,393 INFO    SenderThread:292210 [sender.py:_save_file():1392] saving file wandb-summary.json with policy end
2023-12-16 07:22:11,393 DEBUG   SenderThread:292210 [sender.py:send():382] send: history
2023-12-16 07:22:11,393 DEBUG   SenderThread:292210 [sender.py:send_request():409] send_request: summary_record
2023-12-16 07:22:11,393 INFO    SenderThread:292210 [sender.py:_save_file():1392] saving file wandb-summary.json with policy end
2023-12-16 07:22:11,569 INFO    Thread-12 :292210 [dir_watcher.py:_on_file_modified():288] file/dir modified: /home/my2770/project/wandb/run-20231216_072138-msertaov/files/config.yaml
2023-12-16 07:22:11,570 INFO    Thread-12 :292210 [dir_watcher.py:_on_file_modified():288] file/dir modified: /home/my2770/project/wandb/run-20231216_072138-msertaov/files/wandb-summary.json
2023-12-16 07:22:15,732 DEBUG   HandlerThread:292210 [handler.py:handle_request():146] handle_request: partial_history
2023-12-16 07:22:15,732 DEBUG   HandlerThread:292210 [handler.py:handle_request():146] handle_request: partial_history
2023-12-16 07:22:15,732 DEBUG   HandlerThread:292210 [handler.py:handle_request():146] handle_request: partial_history
2023-12-16 07:22:15,733 DEBUG   SenderThread:292210 [sender.py:send():382] send: history
2023-12-16 07:22:15,733 DEBUG   SenderThread:292210 [sender.py:send_request():409] send_request: summary_record
2023-12-16 07:22:15,735 INFO    SenderThread:292210 [sender.py:_save_file():1392] saving file wandb-summary.json with policy end
2023-12-16 07:22:15,736 DEBUG   SenderThread:292210 [sender.py:send():382] send: history
2023-12-16 07:22:15,736 DEBUG   SenderThread:292210 [sender.py:send_request():409] send_request: summary_record
2023-12-16 07:22:15,736 INFO    SenderThread:292210 [sender.py:_save_file():1392] saving file wandb-summary.json with policy end
2023-12-16 07:22:15,737 DEBUG   SenderThread:292210 [sender.py:send():382] send: history
2023-12-16 07:22:15,737 DEBUG   SenderThread:292210 [sender.py:send_request():409] send_request: summary_record
2023-12-16 07:22:15,737 INFO    SenderThread:292210 [sender.py:_save_file():1392] saving file wandb-summary.json with policy end
2023-12-16 07:22:16,571 INFO    Thread-12 :292210 [dir_watcher.py:_on_file_modified():288] file/dir modified: /home/my2770/project/wandb/run-20231216_072138-msertaov/files/wandb-summary.json
2023-12-16 07:22:16,738 DEBUG   HandlerThread:292210 [handler.py:handle_request():146] handle_request: status_report
2023-12-16 07:22:20,074 DEBUG   HandlerThread:292210 [handler.py:handle_request():146] handle_request: partial_history
2023-12-16 07:22:20,075 DEBUG   HandlerThread:292210 [handler.py:handle_request():146] handle_request: partial_history
2023-12-16 07:22:20,075 DEBUG   SenderThread:292210 [sender.py:send():382] send: history
2023-12-16 07:22:20,076 DEBUG   HandlerThread:292210 [handler.py:handle_request():146] handle_request: partial_history
2023-12-16 07:22:20,076 DEBUG   SenderThread:292210 [sender.py:send_request():409] send_request: summary_record
2023-12-16 07:22:20,078 INFO    SenderThread:292210 [sender.py:_save_file():1392] saving file wandb-summary.json with policy end
2023-12-16 07:22:20,079 DEBUG   SenderThread:292210 [sender.py:send():382] send: history
2023-12-16 07:22:20,079 DEBUG   SenderThread:292210 [sender.py:send_request():409] send_request: summary_record
2023-12-16 07:22:20,079 INFO    SenderThread:292210 [sender.py:_save_file():1392] saving file wandb-summary.json with policy end
2023-12-16 07:22:20,079 DEBUG   SenderThread:292210 [sender.py:send():382] send: history
2023-12-16 07:22:20,079 DEBUG   SenderThread:292210 [sender.py:send_request():409] send_request: summary_record
2023-12-16 07:22:20,080 INFO    SenderThread:292210 [sender.py:_save_file():1392] saving file wandb-summary.json with policy end
2023-12-16 07:22:20,573 INFO    Thread-12 :292210 [dir_watcher.py:_on_file_modified():288] file/dir modified: /home/my2770/project/wandb/run-20231216_072138-msertaov/files/wandb-summary.json
2023-12-16 07:22:22,080 DEBUG   HandlerThread:292210 [handler.py:handle_request():146] handle_request: status_report
2023-12-16 07:22:23,728 DEBUG   HandlerThread:292210 [handler.py:handle_request():146] handle_request: stop_status
2023-12-16 07:22:23,729 DEBUG   SenderThread:292210 [sender.py:send_request():409] send_request: stop_status
2023-12-16 07:22:23,778 DEBUG   HandlerThread:292210 [handler.py:handle_request():146] handle_request: internal_messages
2023-12-16 07:22:24,410 DEBUG   HandlerThread:292210 [handler.py:handle_request():146] handle_request: partial_history
2023-12-16 07:22:24,410 DEBUG   SenderThread:292210 [sender.py:send():382] send: history
2023-12-16 07:22:24,411 DEBUG   SenderThread:292210 [sender.py:send_request():409] send_request: summary_record
2023-12-16 07:22:24,412 INFO    SenderThread:292210 [sender.py:_save_file():1392] saving file wandb-summary.json with policy end
2023-12-16 07:22:24,451 DEBUG   HandlerThread:292210 [handler.py:handle_request():146] handle_request: partial_history
2023-12-16 07:22:24,452 DEBUG   HandlerThread:292210 [handler.py:handle_request():146] handle_request: partial_history
2023-12-16 07:22:24,452 DEBUG   SenderThread:292210 [sender.py:send():382] send: history
2023-12-16 07:22:24,453 DEBUG   SenderThread:292210 [sender.py:send_request():409] send_request: summary_record
2023-12-16 07:22:24,453 INFO    SenderThread:292210 [sender.py:_save_file():1392] saving file wandb-summary.json with policy end
2023-12-16 07:22:24,453 DEBUG   SenderThread:292210 [sender.py:send():382] send: history
2023-12-16 07:22:24,453 DEBUG   SenderThread:292210 [sender.py:send_request():409] send_request: summary_record
2023-12-16 07:22:24,453 INFO    SenderThread:292210 [sender.py:_save_file():1392] saving file wandb-summary.json with policy end
2023-12-16 07:22:24,574 INFO    Thread-12 :292210 [dir_watcher.py:_on_file_modified():288] file/dir modified: /home/my2770/project/wandb/run-20231216_072138-msertaov/files/wandb-summary.json
2023-12-16 07:22:27,454 DEBUG   HandlerThread:292210 [handler.py:handle_request():146] handle_request: status_report
2023-12-16 07:22:28,765 DEBUG   HandlerThread:292210 [handler.py:handle_request():146] handle_request: partial_history
2023-12-16 07:22:28,765 DEBUG   HandlerThread:292210 [handler.py:handle_request():146] handle_request: partial_history
2023-12-16 07:22:28,765 DEBUG   HandlerThread:292210 [handler.py:handle_request():146] handle_request: partial_history
2023-12-16 07:22:28,766 DEBUG   SenderThread:292210 [sender.py:send():382] send: history
2023-12-16 07:22:28,766 DEBUG   SenderThread:292210 [sender.py:send_request():409] send_request: summary_record
2023-12-16 07:22:28,768 INFO    SenderThread:292210 [sender.py:_save_file():1392] saving file wandb-summary.json with policy end
2023-12-16 07:22:28,768 DEBUG   SenderThread:292210 [sender.py:send():382] send: history
2023-12-16 07:22:28,768 DEBUG   SenderThread:292210 [sender.py:send_request():409] send_request: summary_record
2023-12-16 07:22:28,769 INFO    SenderThread:292210 [sender.py:_save_file():1392] saving file wandb-summary.json with policy end
2023-12-16 07:22:28,769 DEBUG   SenderThread:292210 [sender.py:send():382] send: history
2023-12-16 07:22:28,769 DEBUG   SenderThread:292210 [sender.py:send_request():409] send_request: summary_record
2023-12-16 07:22:28,769 INFO    SenderThread:292210 [sender.py:_save_file():1392] saving file wandb-summary.json with policy end
2023-12-16 07:22:29,576 INFO    Thread-12 :292210 [dir_watcher.py:_on_file_modified():288] file/dir modified: /home/my2770/project/wandb/run-20231216_072138-msertaov/files/wandb-summary.json
2023-12-16 07:22:30,474 DEBUG   SenderThread:292210 [sender.py:send():382] send: exit
2023-12-16 07:22:30,474 INFO    SenderThread:292210 [sender.py:send_exit():589] handling exit code: 0
2023-12-16 07:22:30,474 INFO    SenderThread:292210 [sender.py:send_exit():591] handling runtime: 51
2023-12-16 07:22:30,475 INFO    SenderThread:292210 [sender.py:_save_file():1392] saving file wandb-summary.json with policy end
2023-12-16 07:22:30,475 INFO    SenderThread:292210 [sender.py:send_exit():597] send defer
2023-12-16 07:22:30,475 DEBUG   HandlerThread:292210 [handler.py:handle_request():146] handle_request: defer
2023-12-16 07:22:30,475 INFO    HandlerThread:292210 [handler.py:handle_request_defer():172] handle defer: 0
2023-12-16 07:22:30,475 DEBUG   SenderThread:292210 [sender.py:send_request():409] send_request: defer
2023-12-16 07:22:30,475 INFO    SenderThread:292210 [sender.py:send_request_defer():613] handle sender defer: 0
2023-12-16 07:22:30,475 INFO    SenderThread:292210 [sender.py:transition_state():617] send defer: 1
2023-12-16 07:22:30,476 DEBUG   HandlerThread:292210 [handler.py:handle_request():146] handle_request: defer
2023-12-16 07:22:30,476 INFO    HandlerThread:292210 [handler.py:handle_request_defer():172] handle defer: 1
2023-12-16 07:22:30,476 DEBUG   SenderThread:292210 [sender.py:send_request():409] send_request: defer
2023-12-16 07:22:30,476 INFO    SenderThread:292210 [sender.py:send_request_defer():613] handle sender defer: 1
2023-12-16 07:22:30,476 INFO    SenderThread:292210 [sender.py:transition_state():617] send defer: 2
2023-12-16 07:22:30,476 DEBUG   HandlerThread:292210 [handler.py:handle_request():146] handle_request: defer
2023-12-16 07:22:30,476 INFO    HandlerThread:292210 [handler.py:handle_request_defer():172] handle defer: 2
2023-12-16 07:22:30,476 INFO    HandlerThread:292210 [system_monitor.py:finish():203] Stopping system monitor
2023-12-16 07:22:30,477 DEBUG   SystemMonitor:292210 [system_monitor.py:_start():172] Starting system metrics aggregation loop
2023-12-16 07:22:30,477 DEBUG   SystemMonitor:292210 [system_monitor.py:_start():179] Finished system metrics aggregation loop
2023-12-16 07:22:30,477 DEBUG   SystemMonitor:292210 [system_monitor.py:_start():183] Publishing last batch of metrics
2023-12-16 07:22:30,478 INFO    HandlerThread:292210 [interfaces.py:finish():202] Joined cpu monitor
2023-12-16 07:22:30,478 INFO    HandlerThread:292210 [interfaces.py:finish():202] Joined disk monitor
2023-12-16 07:22:30,576 INFO    Thread-12 :292210 [dir_watcher.py:_on_file_modified():288] file/dir modified: /home/my2770/project/wandb/run-20231216_072138-msertaov/files/wandb-summary.json
2023-12-16 07:22:30,606 INFO    HandlerThread:292210 [interfaces.py:finish():202] Joined gpu monitor
2023-12-16 07:22:30,606 INFO    HandlerThread:292210 [interfaces.py:finish():202] Joined memory monitor
2023-12-16 07:22:30,606 INFO    HandlerThread:292210 [interfaces.py:finish():202] Joined network monitor
2023-12-16 07:22:30,606 DEBUG   SenderThread:292210 [sender.py:send_request():409] send_request: defer
2023-12-16 07:22:30,607 INFO    SenderThread:292210 [sender.py:send_request_defer():613] handle sender defer: 2
2023-12-16 07:22:30,607 INFO    SenderThread:292210 [sender.py:transition_state():617] send defer: 3
2023-12-16 07:22:30,607 DEBUG   SenderThread:292210 [sender.py:send():382] send: stats
2023-12-16 07:22:30,607 DEBUG   HandlerThread:292210 [handler.py:handle_request():146] handle_request: defer
2023-12-16 07:22:30,607 INFO    HandlerThread:292210 [handler.py:handle_request_defer():172] handle defer: 3
2023-12-16 07:22:30,608 DEBUG   SenderThread:292210 [sender.py:send_request():409] send_request: defer
2023-12-16 07:22:30,608 INFO    SenderThread:292210 [sender.py:send_request_defer():613] handle sender defer: 3
2023-12-16 07:22:30,608 INFO    SenderThread:292210 [sender.py:transition_state():617] send defer: 4
2023-12-16 07:22:30,608 DEBUG   HandlerThread:292210 [handler.py:handle_request():146] handle_request: defer
2023-12-16 07:22:30,608 INFO    HandlerThread:292210 [handler.py:handle_request_defer():172] handle defer: 4
2023-12-16 07:22:30,608 DEBUG   SenderThread:292210 [sender.py:send_request():409] send_request: defer
2023-12-16 07:22:30,608 INFO    SenderThread:292210 [sender.py:send_request_defer():613] handle sender defer: 4
2023-12-16 07:22:30,608 INFO    SenderThread:292210 [sender.py:transition_state():617] send defer: 5
2023-12-16 07:22:30,608 DEBUG   HandlerThread:292210 [handler.py:handle_request():146] handle_request: defer
2023-12-16 07:22:30,609 INFO    HandlerThread:292210 [handler.py:handle_request_defer():172] handle defer: 5
2023-12-16 07:22:30,609 DEBUG   SenderThread:292210 [sender.py:send():382] send: summary
2023-12-16 07:22:30,609 INFO    SenderThread:292210 [sender.py:_save_file():1392] saving file wandb-summary.json with policy end
2023-12-16 07:22:30,609 DEBUG   SenderThread:292210 [sender.py:send_request():409] send_request: defer
2023-12-16 07:22:30,610 INFO    SenderThread:292210 [sender.py:send_request_defer():613] handle sender defer: 5
2023-12-16 07:22:30,610 INFO    SenderThread:292210 [sender.py:transition_state():617] send defer: 6
2023-12-16 07:22:30,610 DEBUG   HandlerThread:292210 [handler.py:handle_request():146] handle_request: defer
2023-12-16 07:22:30,610 INFO    HandlerThread:292210 [handler.py:handle_request_defer():172] handle defer: 6
2023-12-16 07:22:30,610 DEBUG   SenderThread:292210 [sender.py:send_request():409] send_request: defer
2023-12-16 07:22:30,610 INFO    SenderThread:292210 [sender.py:send_request_defer():613] handle sender defer: 6
2023-12-16 07:22:30,610 INFO    SenderThread:292210 [sender.py:transition_state():617] send defer: 7
2023-12-16 07:22:30,610 DEBUG   HandlerThread:292210 [handler.py:handle_request():146] handle_request: status_report
2023-12-16 07:22:30,610 DEBUG   HandlerThread:292210 [handler.py:handle_request():146] handle_request: defer
2023-12-16 07:22:30,610 INFO    HandlerThread:292210 [handler.py:handle_request_defer():172] handle defer: 7
2023-12-16 07:22:30,611 DEBUG   SenderThread:292210 [sender.py:send_request():409] send_request: defer
2023-12-16 07:22:30,611 INFO    SenderThread:292210 [sender.py:send_request_defer():613] handle sender defer: 7
2023-12-16 07:22:31,474 DEBUG   HandlerThread:292210 [handler.py:handle_request():146] handle_request: poll_exit
2023-12-16 07:22:31,576 INFO    Thread-12 :292210 [dir_watcher.py:_on_file_modified():288] file/dir modified: /home/my2770/project/wandb/run-20231216_072138-msertaov/files/wandb-summary.json
2023-12-16 07:22:32,577 INFO    Thread-12 :292210 [dir_watcher.py:_on_file_modified():288] file/dir modified: /home/my2770/project/wandb/run-20231216_072138-msertaov/files/output.log
2023-12-16 07:22:33,577 INFO    Thread-12 :292210 [dir_watcher.py:_on_file_modified():288] file/dir modified: /home/my2770/project/wandb/run-20231216_072138-msertaov/files/output.log
2023-12-16 07:22:34,480 INFO    SenderThread:292210 [sender.py:transition_state():617] send defer: 8
2023-12-16 07:22:34,480 DEBUG   SenderThread:292210 [sender.py:send_request():409] send_request: poll_exit
2023-12-16 07:22:34,480 DEBUG   HandlerThread:292210 [handler.py:handle_request():146] handle_request: defer
2023-12-16 07:22:34,480 INFO    HandlerThread:292210 [handler.py:handle_request_defer():172] handle defer: 8
2023-12-16 07:22:34,481 DEBUG   SenderThread:292210 [sender.py:send_request():409] send_request: defer
2023-12-16 07:22:34,481 INFO    SenderThread:292210 [sender.py:send_request_defer():613] handle sender defer: 8
2023-12-16 07:22:34,481 INFO    SenderThread:292210 [sender.py:transition_state():617] send defer: 9
2023-12-16 07:22:34,481 DEBUG   HandlerThread:292210 [handler.py:handle_request():146] handle_request: defer
2023-12-16 07:22:34,481 INFO    HandlerThread:292210 [handler.py:handle_request_defer():172] handle defer: 9
2023-12-16 07:22:34,481 DEBUG   SenderThread:292210 [sender.py:send_request():409] send_request: defer
2023-12-16 07:22:34,481 INFO    SenderThread:292210 [sender.py:send_request_defer():613] handle sender defer: 9
2023-12-16 07:22:34,481 INFO    SenderThread:292210 [dir_watcher.py:finish():358] shutting down directory watcher
2023-12-16 07:22:34,577 INFO    Thread-12 :292210 [dir_watcher.py:_on_file_modified():288] file/dir modified: /home/my2770/project/wandb/run-20231216_072138-msertaov/files/output.log
2023-12-16 07:22:34,578 INFO    SenderThread:292210 [dir_watcher.py:finish():388] scan: /home/my2770/project/wandb/run-20231216_072138-msertaov/files
2023-12-16 07:22:34,578 INFO    SenderThread:292210 [dir_watcher.py:finish():402] scan save: /home/my2770/project/wandb/run-20231216_072138-msertaov/files/output.log output.log
2023-12-16 07:22:34,579 INFO    SenderThread:292210 [dir_watcher.py:finish():402] scan save: /home/my2770/project/wandb/run-20231216_072138-msertaov/files/wandb-metadata.json wandb-metadata.json
2023-12-16 07:22:34,579 INFO    SenderThread:292210 [dir_watcher.py:finish():402] scan save: /home/my2770/project/wandb/run-20231216_072138-msertaov/files/wandb-summary.json wandb-summary.json
2023-12-16 07:22:34,581 INFO    SenderThread:292210 [dir_watcher.py:finish():402] scan save: /home/my2770/project/wandb/run-20231216_072138-msertaov/files/config.yaml config.yaml
2023-12-16 07:22:34,582 INFO    SenderThread:292210 [dir_watcher.py:finish():402] scan save: /home/my2770/project/wandb/run-20231216_072138-msertaov/files/requirements.txt requirements.txt
2023-12-16 07:22:34,586 INFO    SenderThread:292210 [sender.py:transition_state():617] send defer: 10
2023-12-16 07:22:34,589 DEBUG   HandlerThread:292210 [handler.py:handle_request():146] handle_request: defer
2023-12-16 07:22:34,589 INFO    HandlerThread:292210 [handler.py:handle_request_defer():172] handle defer: 10
2023-12-16 07:22:34,590 DEBUG   SenderThread:292210 [sender.py:send_request():409] send_request: defer
2023-12-16 07:22:34,590 INFO    SenderThread:292210 [sender.py:send_request_defer():613] handle sender defer: 10
2023-12-16 07:22:34,590 INFO    SenderThread:292210 [file_pusher.py:finish():175] shutting down file pusher
2023-12-16 07:22:34,808 INFO    wandb-upload_0:292210 [upload_job.py:push():131] Uploaded file /home/my2770/project/wandb/run-20231216_072138-msertaov/files/output.log
2023-12-16 07:22:34,825 INFO    wandb-upload_1:292210 [upload_job.py:push():131] Uploaded file /home/my2770/project/wandb/run-20231216_072138-msertaov/files/wandb-summary.json
2023-12-16 07:22:34,899 INFO    wandb-upload_3:292210 [upload_job.py:push():131] Uploaded file /home/my2770/project/wandb/run-20231216_072138-msertaov/files/requirements.txt
2023-12-16 07:22:34,907 INFO    wandb-upload_2:292210 [upload_job.py:push():131] Uploaded file /home/my2770/project/wandb/run-20231216_072138-msertaov/files/config.yaml
2023-12-16 07:22:35,107 INFO    Thread-11 (_thread_body):292210 [sender.py:transition_state():617] send defer: 11
2023-12-16 07:22:35,108 DEBUG   HandlerThread:292210 [handler.py:handle_request():146] handle_request: defer
2023-12-16 07:22:35,108 INFO    HandlerThread:292210 [handler.py:handle_request_defer():172] handle defer: 11
2023-12-16 07:22:35,108 DEBUG   SenderThread:292210 [sender.py:send_request():409] send_request: defer
2023-12-16 07:22:35,108 INFO    SenderThread:292210 [sender.py:send_request_defer():613] handle sender defer: 11
2023-12-16 07:22:35,108 INFO    SenderThread:292210 [file_pusher.py:join():181] waiting for file pusher
2023-12-16 07:22:35,108 INFO    SenderThread:292210 [sender.py:transition_state():617] send defer: 12
2023-12-16 07:22:35,108 DEBUG   HandlerThread:292210 [handler.py:handle_request():146] handle_request: defer
2023-12-16 07:22:35,109 INFO    HandlerThread:292210 [handler.py:handle_request_defer():172] handle defer: 12
2023-12-16 07:22:35,109 DEBUG   SenderThread:292210 [sender.py:send_request():409] send_request: defer
2023-12-16 07:22:35,109 INFO    SenderThread:292210 [sender.py:send_request_defer():613] handle sender defer: 12
2023-12-16 07:22:35,109 INFO    SenderThread:292210 [file_stream.py:finish():595] file stream finish called
2023-12-16 07:22:35,186 INFO    SenderThread:292210 [file_stream.py:finish():599] file stream finish is done
2023-12-16 07:22:35,186 INFO    SenderThread:292210 [sender.py:transition_state():617] send defer: 13
2023-12-16 07:22:35,187 DEBUG   HandlerThread:292210 [handler.py:handle_request():146] handle_request: defer
2023-12-16 07:22:35,187 INFO    HandlerThread:292210 [handler.py:handle_request_defer():172] handle defer: 13
2023-12-16 07:22:35,187 DEBUG   SenderThread:292210 [sender.py:send_request():409] send_request: defer
2023-12-16 07:22:35,187 INFO    SenderThread:292210 [sender.py:send_request_defer():613] handle sender defer: 13
2023-12-16 07:22:35,187 INFO    SenderThread:292210 [sender.py:transition_state():617] send defer: 14
2023-12-16 07:22:35,187 DEBUG   HandlerThread:292210 [handler.py:handle_request():146] handle_request: defer
2023-12-16 07:22:35,187 INFO    HandlerThread:292210 [handler.py:handle_request_defer():172] handle defer: 14
2023-12-16 07:22:35,188 DEBUG   SenderThread:292210 [sender.py:send():382] send: final
2023-12-16 07:22:35,188 DEBUG   SenderThread:292210 [sender.py:send():382] send: footer
2023-12-16 07:22:35,188 DEBUG   SenderThread:292210 [sender.py:send_request():409] send_request: defer
2023-12-16 07:22:35,188 INFO    SenderThread:292210 [sender.py:send_request_defer():613] handle sender defer: 14
2023-12-16 07:22:35,188 DEBUG   HandlerThread:292210 [handler.py:handle_request():146] handle_request: poll_exit
2023-12-16 07:22:35,188 DEBUG   SenderThread:292210 [sender.py:send_request():409] send_request: poll_exit
2023-12-16 07:22:35,189 DEBUG   HandlerThread:292210 [handler.py:handle_request():146] handle_request: server_info
2023-12-16 07:22:35,189 DEBUG   SenderThread:292210 [sender.py:send_request():409] send_request: server_info
2023-12-16 07:22:35,191 DEBUG   HandlerThread:292210 [handler.py:handle_request():146] handle_request: get_summary
2023-12-16 07:22:35,192 DEBUG   HandlerThread:292210 [handler.py:handle_request():146] handle_request: sampled_history
2023-12-16 07:22:35,192 DEBUG   HandlerThread:292210 [handler.py:handle_request():146] handle_request: internal_messages
2023-12-16 07:22:35,193 DEBUG   HandlerThread:292210 [handler.py:handle_request():146] handle_request: job_info
2023-12-16 07:22:35,236 DEBUG   SenderThread:292210 [sender.py:send_request():409] send_request: job_info
2023-12-16 07:22:35,237 INFO    MainThread:292210 [wandb_run.py:_footer_history_summary_info():3837] rendering history
2023-12-16 07:22:35,237 INFO    MainThread:292210 [wandb_run.py:_footer_history_summary_info():3869] rendering summary
2023-12-16 07:22:35,237 INFO    MainThread:292210 [wandb_run.py:_footer_sync_info():3796] logging synced files
2023-12-16 07:22:35,237 DEBUG   HandlerThread:292210 [handler.py:handle_request():146] handle_request: shutdown
2023-12-16 07:22:35,237 INFO    HandlerThread:292210 [handler.py:finish():866] shutting down handler
2023-12-16 07:22:35,460 WARNING StreamThr :292210 [internal.py:is_dead():414] Internal process exiting, parent pid 291855 disappeared
2023-12-16 07:22:35,460 ERROR   StreamThr :292210 [internal.py:wandb_internal():152] Internal process shutdown.
2023-12-16 07:22:36,193 INFO    WriterThread:292210 [datastore.py:close():294] close: /home/my2770/project/wandb/run-20231216_072138-msertaov/run-msertaov.wandb
2023-12-16 07:22:36,237 INFO    SenderThread:292210 [sender.py:finish():1548] shutting down sender
2023-12-16 07:22:36,237 INFO    SenderThread:292210 [file_pusher.py:finish():175] shutting down file pusher
2023-12-16 07:22:36,237 INFO    SenderThread:292210 [file_pusher.py:join():181] waiting for file pusher
