InferenceRPUConfig(
    runtime=RuntimeParameter(),
    pre_post=PrePostProcessingParameter(input_range=InputRangeParameter(enable=False)),
    mapping=MappingParameter(),
    forward=IOParameters(
        inp_res=0.0078125,
        out_noise=0.01,
        out_res=0.015625,
        w_noise=0.01,
        w_noise_type=WeightNoiseType.ADDITIVE_CONSTANT
    ),
    backward=IOParameters(is_perfect=True),
    update=UpdateParameters(pulse_type=PulseType.NONE),
    noise_model=PCMLikeNoiseModel(g_converter=SinglePairConductanceConverter(g_max=25.00, g_min=0.00), g_max=25.0, prog_coeff_g_max_reference=25.0, prog_coeff=[0.26348, 1.965, -1.1731], t_0=20.0, t_read=2.5e-07, prog_noise_scale=1.0, read_noise_scale=1.0, drift_scale=1.0),
    drift_compensation=GlobalDriftCompensation(),
    clip=WeightClipParameter(type=WeightClipType.NONE),
    remap=WeightRemapParameter(type=WeightRemapType.NONE),
    modifier=WeightModifierParameter(type=WeightModifierType.NONE),
    device=IdealDevice()
)
11:34:58 --- Step 20: Generator loss: 1.6957377314567565, discriminator loss: 0.6106601536273957
11:36:29 --- Step 40: Generator loss: 1.7673231065273285, discriminator loss: 0.5279303595423699
11:38:01 --- Step 60: Generator loss: 1.7938848853111267, discriminator loss: 0.5001295596361159
11:39:32 --- Step 80: Generator loss: 1.8316071450710298, discriminator loss: 0.4680762827396393
11:41:03 --- Step 100: Generator loss: 1.843987971544266, discriminator loss: 0.44642533659934996
11:42:31 --- Step 120: Generator loss: 1.8827392995357515, discriminator loss: 0.41989980340003974
11:44:03 --- Step 140: Generator loss: 1.8943422436714172, discriminator loss: 0.3945637479424477
11:45:35 --- Step 160: Generator loss: 1.9391706824302675, discriminator loss: 0.3691230893135071
11:47:06 --- Step 180: Generator loss: 1.9506307601928712, discriminator loss: 0.349477156996727
11:48:37 --- Step 200: Generator loss: 1.9731430470943452, discriminator loss: 0.33315090388059615
11:50:09 --- Step 220: Generator loss: 2.0113577246665955, discriminator loss: 0.3126240253448486
11:51:36 --- Step 240: Generator loss: 2.069665777683258, discriminator loss: 0.29730574786663055
11:53:08 --- Step 260: Generator loss: 2.079991686344147, discriminator loss: 0.27943448722362524
11:54:39 --- Step 280: Generator loss: 2.147110867500305, discriminator loss: 0.25845736265182495
11:56:10 --- Step 300: Generator loss: 2.1681397438049315, discriminator loss: 0.24556366726756096
11:57:41 --- Step 320: Generator loss: 2.211764478683471, discriminator loss: 0.23242326006293296
11:59:12 --- Step 340: Generator loss: 2.250191128253937, discriminator loss: 0.22254234403371814
12:00:40 --- Step 360: Generator loss: 2.3028069615364073, discriminator loss: 0.22023925781249995
12:02:11 --- Step 380: Generator loss: 2.274543023109436, discriminator loss: 0.20739299356937407
12:03:43 --- Step 400: Generator loss: 2.3116847157478335, discriminator loss: 0.196847153455019
12:05:14 --- Step 420: Generator loss: 2.3277838230133057, discriminator loss: 0.19223951399326322
12:06:45 --- Step 440: Generator loss: 2.336026906967163, discriminator loss: 0.18632997572422028
12:08:17 --- Step 460: Generator loss: 2.3625328540801998, discriminator loss: 0.1792187064886093
12:09:45 --- Step 480: Generator loss: 2.411054849624634, discriminator loss: 0.19461756870150562
12:11:16 --- Step 500: Generator loss: 2.344713866710663, discriminator loss: 0.18045941516757016
12:12:47 --- Step 520: Generator loss: 2.3124437451362607, discriminator loss: 0.17783803716301916
12:14:18 --- Step 540: Generator loss: 2.272332417964935, discriminator loss: 0.18480455577373506
12:15:49 --- Step 560: Generator loss: 2.2610537171363836, discriminator loss: 0.1835400812327862
12:17:20 --- Step 580: Generator loss: 2.174644804000854, discriminator loss: 0.19592043682932853