2023-12-16 07:15:46,400 INFO    StreamThr :291299 [internal.py:wandb_internal():86] W&B internal server running at pid: 291299, started at: 2023-12-16 07:15:46.400007
2023-12-16 07:15:46,401 DEBUG   HandlerThread:291299 [handler.py:handle_request():146] handle_request: status
2023-12-16 07:15:46,408 INFO    WriterThread:291299 [datastore.py:open_for_write():85] open: /home/my2770/project/wandb/run-20231216_071546-nydc5b4t/run-nydc5b4t.wandb
2023-12-16 07:15:46,408 DEBUG   SenderThread:291299 [sender.py:send():382] send: header
2023-12-16 07:15:46,409 DEBUG   SenderThread:291299 [sender.py:send():382] send: run
2023-12-16 07:15:46,546 INFO    SenderThread:291299 [dir_watcher.py:__init__():211] watching files in: /home/my2770/project/wandb/run-20231216_071546-nydc5b4t/files
2023-12-16 07:15:46,546 INFO    SenderThread:291299 [sender.py:_start_run_threads():1136] run started: nydc5b4t with start time 1702710946.39937
2023-12-16 07:15:46,555 DEBUG   HandlerThread:291299 [handler.py:handle_request():146] handle_request: check_version
2023-12-16 07:15:46,555 DEBUG   SenderThread:291299 [sender.py:send_request():409] send_request: check_version
2023-12-16 07:15:46,643 DEBUG   HandlerThread:291299 [handler.py:handle_request():146] handle_request: run_start
2023-12-16 07:15:46,650 DEBUG   HandlerThread:291299 [system_info.py:__init__():32] System info init
2023-12-16 07:15:46,650 DEBUG   HandlerThread:291299 [system_info.py:__init__():47] System info init done
2023-12-16 07:15:46,650 INFO    HandlerThread:291299 [system_monitor.py:start():194] Starting system monitor
2023-12-16 07:15:46,650 INFO    SystemMonitor:291299 [system_monitor.py:_start():158] Starting system asset monitoring threads
2023-12-16 07:15:46,651 INFO    HandlerThread:291299 [system_monitor.py:probe():214] Collecting system info
2023-12-16 07:15:46,651 INFO    SystemMonitor:291299 [interfaces.py:start():190] Started cpu monitoring
2023-12-16 07:15:46,652 INFO    SystemMonitor:291299 [interfaces.py:start():190] Started disk monitoring
2023-12-16 07:15:46,652 INFO    SystemMonitor:291299 [interfaces.py:start():190] Started gpu monitoring
2023-12-16 07:15:46,653 INFO    SystemMonitor:291299 [interfaces.py:start():190] Started memory monitoring
2023-12-16 07:15:46,655 INFO    SystemMonitor:291299 [interfaces.py:start():190] Started network monitoring
2023-12-16 07:15:46,688 DEBUG   HandlerThread:291299 [system_info.py:probe():196] Probing system
2023-12-16 07:15:46,691 DEBUG   HandlerThread:291299 [gitlib.py:_init_repo():56] git repository is invalid
2023-12-16 07:15:46,691 DEBUG   HandlerThread:291299 [system_info.py:probe():244] Probing system done
2023-12-16 07:15:46,691 DEBUG   HandlerThread:291299 [system_monitor.py:probe():223] {'os': 'Linux-5.10.0-26-cloud-amd64-x86_64-with-glibc2.31', 'python': '3.10.13', 'heartbeatAt': '2023-12-16T07:15:46.688839', 'startedAt': '2023-12-16T07:15:46.392852', 'docker': None, 'cuda': None, 'args': (), 'state': 'running', 'program': '/home/my2770/project/train_wandb.py', 'codePathLocal': 'train_wandb.py', 'codePath': 'train_wandb.py', 'host': 'instance-4', 'username': 'my2770', 'executable': '/home/my2770/project/aihwkit_env/bin/python3', 'cpu_count': 4, 'cpu_count_logical': 8, 'cpu_freq': {'current': 2000.1939999999997, 'min': 0.0, 'max': 0.0}, 'cpu_freq_per_core': [{'current': 2000.194, 'min': 0.0, 'max': 0.0}, {'current': 2000.194, 'min': 0.0, 'max': 0.0}, {'current': 2000.194, 'min': 0.0, 'max': 0.0}, {'current': 2000.194, 'min': 0.0, 'max': 0.0}, {'current': 2000.194, 'min': 0.0, 'max': 0.0}, {'current': 2000.194, 'min': 0.0, 'max': 0.0}, {'current': 2000.194, 'min': 0.0, 'max': 0.0}, {'current': 2000.194, 'min': 0.0, 'max': 0.0}], 'disk': {'/': {'total': 98.18611526489258, 'used': 45.83628845214844}}, 'gpu': 'Tesla T4', 'gpu_count': 4, 'gpu_devices': [{'name': 'Tesla T4', 'memory_total': 16106127360}, {'name': 'Tesla T4', 'memory_total': 16106127360}, {'name': 'Tesla T4', 'memory_total': 16106127360}, {'name': 'Tesla T4', 'memory_total': 16106127360}], 'memory': {'total': 29.38990020751953}}
2023-12-16 07:15:46,691 INFO    HandlerThread:291299 [system_monitor.py:probe():224] Finished collecting system info
2023-12-16 07:15:46,691 INFO    HandlerThread:291299 [system_monitor.py:probe():227] Publishing system info
2023-12-16 07:15:46,691 DEBUG   HandlerThread:291299 [system_info.py:_save_pip():52] Saving list of pip packages installed into the current environment
2023-12-16 07:15:46,691 DEBUG   HandlerThread:291299 [system_info.py:_save_pip():68] Saving pip packages done
2023-12-16 07:15:46,692 INFO    HandlerThread:291299 [system_monitor.py:probe():229] Finished publishing system info
2023-12-16 07:15:46,695 DEBUG   SenderThread:291299 [sender.py:send():382] send: files
2023-12-16 07:15:46,695 INFO    SenderThread:291299 [sender.py:_save_file():1392] saving file wandb-metadata.json with policy now
2023-12-16 07:15:46,703 DEBUG   SenderThread:291299 [sender.py:send():382] send: telemetry
2023-12-16 07:15:46,709 DEBUG   HandlerThread:291299 [handler.py:handle_request():146] handle_request: stop_status
2023-12-16 07:15:46,709 DEBUG   SenderThread:291299 [sender.py:send_request():409] send_request: stop_status
2023-12-16 07:15:46,712 DEBUG   HandlerThread:291299 [handler.py:handle_request():146] handle_request: internal_messages
2023-12-16 07:15:47,029 INFO    wandb-upload_0:291299 [upload_job.py:push():131] Uploaded file /var/tmp/tmp0xdn8a2owandb/s9dqfa5o-wandb-metadata.json
2023-12-16 07:15:47,548 INFO    Thread-12 :291299 [dir_watcher.py:_on_file_created():271] file/dir created: /home/my2770/project/wandb/run-20231216_071546-nydc5b4t/files/requirements.txt
2023-12-16 07:15:47,548 INFO    Thread-12 :291299 [dir_watcher.py:_on_file_created():271] file/dir created: /home/my2770/project/wandb/run-20231216_071546-nydc5b4t/files/wandb-metadata.json
2023-12-16 07:15:50,548 INFO    Thread-12 :291299 [dir_watcher.py:_on_file_created():271] file/dir created: /home/my2770/project/wandb/run-20231216_071546-nydc5b4t/files/output.log
2023-12-16 07:15:51,932 DEBUG   HandlerThread:291299 [handler.py:handle_request():146] handle_request: status_report
2023-12-16 07:15:52,548 INFO    Thread-12 :291299 [dir_watcher.py:_on_file_modified():288] file/dir modified: /home/my2770/project/wandb/run-20231216_071546-nydc5b4t/files/output.log
2023-12-16 07:15:54,492 DEBUG   HandlerThread:291299 [handler.py:handle_request():146] handle_request: partial_history
2023-12-16 07:15:54,492 DEBUG   HandlerThread:291299 [handler.py:handle_request():146] handle_request: partial_history
2023-12-16 07:15:54,493 DEBUG   HandlerThread:291299 [handler.py:handle_request():146] handle_request: partial_history
2023-12-16 07:15:54,494 DEBUG   SenderThread:291299 [sender.py:send():382] send: history
2023-12-16 07:15:54,494 DEBUG   SenderThread:291299 [sender.py:send_request():409] send_request: summary_record
2023-12-16 07:15:54,496 INFO    SenderThread:291299 [sender.py:_save_file():1392] saving file wandb-summary.json with policy end
2023-12-16 07:15:54,496 DEBUG   SenderThread:291299 [sender.py:send():382] send: history
2023-12-16 07:15:54,496 DEBUG   SenderThread:291299 [sender.py:send_request():409] send_request: summary_record
2023-12-16 07:15:54,496 INFO    SenderThread:291299 [sender.py:_save_file():1392] saving file wandb-summary.json with policy end
2023-12-16 07:15:54,497 DEBUG   SenderThread:291299 [sender.py:send():382] send: history
2023-12-16 07:15:54,497 DEBUG   SenderThread:291299 [sender.py:send_request():409] send_request: summary_record
2023-12-16 07:15:54,497 INFO    SenderThread:291299 [sender.py:_save_file():1392] saving file wandb-summary.json with policy end
2023-12-16 07:15:54,549 INFO    Thread-12 :291299 [dir_watcher.py:_on_file_created():271] file/dir created: /home/my2770/project/wandb/run-20231216_071546-nydc5b4t/files/wandb-summary.json
2023-12-16 07:15:57,498 DEBUG   HandlerThread:291299 [handler.py:handle_request():146] handle_request: status_report
2023-12-16 07:15:58,545 DEBUG   HandlerThread:291299 [handler.py:handle_request():146] handle_request: partial_history
2023-12-16 07:15:58,546 DEBUG   HandlerThread:291299 [handler.py:handle_request():146] handle_request: partial_history
2023-12-16 07:15:58,546 DEBUG   HandlerThread:291299 [handler.py:handle_request():146] handle_request: partial_history
2023-12-16 07:15:58,547 DEBUG   SenderThread:291299 [sender.py:send():382] send: history
2023-12-16 07:15:58,547 DEBUG   SenderThread:291299 [sender.py:send_request():409] send_request: summary_record
2023-12-16 07:15:58,548 INFO    SenderThread:291299 [sender.py:_save_file():1392] saving file wandb-summary.json with policy end
2023-12-16 07:15:58,548 DEBUG   SenderThread:291299 [sender.py:send():382] send: history
2023-12-16 07:15:58,548 DEBUG   SenderThread:291299 [sender.py:send_request():409] send_request: summary_record
2023-12-16 07:15:58,549 INFO    SenderThread:291299 [sender.py:_save_file():1392] saving file wandb-summary.json with policy end
2023-12-16 07:15:58,549 DEBUG   SenderThread:291299 [sender.py:send():382] send: history
2023-12-16 07:15:58,549 DEBUG   SenderThread:291299 [sender.py:send_request():409] send_request: summary_record
2023-12-16 07:15:58,549 INFO    SenderThread:291299 [sender.py:_save_file():1392] saving file wandb-summary.json with policy end
2023-12-16 07:15:58,550 INFO    Thread-12 :291299 [dir_watcher.py:_on_file_modified():288] file/dir modified: /home/my2770/project/wandb/run-20231216_071546-nydc5b4t/files/wandb-summary.json
2023-12-16 07:16:01,725 DEBUG   HandlerThread:291299 [handler.py:handle_request():146] handle_request: stop_status
2023-12-16 07:16:01,726 DEBUG   SenderThread:291299 [sender.py:send_request():409] send_request: stop_status
2023-12-16 07:16:01,747 DEBUG   HandlerThread:291299 [handler.py:handle_request():146] handle_request: internal_messages
2023-12-16 07:16:02,615 DEBUG   HandlerThread:291299 [handler.py:handle_request():146] handle_request: partial_history
2023-12-16 07:16:02,615 DEBUG   SenderThread:291299 [sender.py:send():382] send: history
2023-12-16 07:16:02,616 DEBUG   SenderThread:291299 [sender.py:send_request():409] send_request: summary_record
2023-12-16 07:16:02,618 DEBUG   HandlerThread:291299 [handler.py:handle_request():146] handle_request: status_report
2023-12-16 07:16:02,618 INFO    SenderThread:291299 [sender.py:_save_file():1392] saving file wandb-summary.json with policy end
2023-12-16 07:16:02,659 DEBUG   HandlerThread:291299 [handler.py:handle_request():146] handle_request: partial_history
2023-12-16 07:16:02,660 DEBUG   HandlerThread:291299 [handler.py:handle_request():146] handle_request: partial_history
2023-12-16 07:16:02,661 DEBUG   SenderThread:291299 [sender.py:send():382] send: history
2023-12-16 07:16:02,661 DEBUG   SenderThread:291299 [sender.py:send_request():409] send_request: summary_record
2023-12-16 07:16:02,661 INFO    SenderThread:291299 [sender.py:_save_file():1392] saving file wandb-summary.json with policy end
2023-12-16 07:16:02,662 DEBUG   SenderThread:291299 [sender.py:send():382] send: history
2023-12-16 07:16:02,662 DEBUG   SenderThread:291299 [sender.py:send_request():409] send_request: summary_record
2023-12-16 07:16:02,662 INFO    SenderThread:291299 [sender.py:_save_file():1392] saving file wandb-summary.json with policy end
2023-12-16 07:16:03,552 INFO    Thread-12 :291299 [dir_watcher.py:_on_file_modified():288] file/dir modified: /home/my2770/project/wandb/run-20231216_071546-nydc5b4t/files/wandb-summary.json
2023-12-16 07:16:06,686 DEBUG   HandlerThread:291299 [handler.py:handle_request():146] handle_request: partial_history
2023-12-16 07:16:06,687 DEBUG   HandlerThread:291299 [handler.py:handle_request():146] handle_request: partial_history
2023-12-16 07:16:06,687 DEBUG   HandlerThread:291299 [handler.py:handle_request():146] handle_request: partial_history
2023-12-16 07:16:06,687 DEBUG   SenderThread:291299 [sender.py:send():382] send: history
2023-12-16 07:16:06,688 DEBUG   SenderThread:291299 [sender.py:send_request():409] send_request: summary_record
2023-12-16 07:16:06,689 INFO    SenderThread:291299 [sender.py:_save_file():1392] saving file wandb-summary.json with policy end
2023-12-16 07:16:06,689 DEBUG   SenderThread:291299 [sender.py:send():382] send: history
2023-12-16 07:16:06,689 DEBUG   SenderThread:291299 [sender.py:send_request():409] send_request: summary_record
2023-12-16 07:16:06,690 INFO    SenderThread:291299 [sender.py:_save_file():1392] saving file wandb-summary.json with policy end
2023-12-16 07:16:06,690 DEBUG   SenderThread:291299 [sender.py:send():382] send: history
2023-12-16 07:16:06,690 DEBUG   SenderThread:291299 [sender.py:send_request():409] send_request: summary_record
2023-12-16 07:16:06,690 INFO    SenderThread:291299 [sender.py:_save_file():1392] saving file wandb-summary.json with policy end
2023-12-16 07:16:07,553 INFO    Thread-12 :291299 [dir_watcher.py:_on_file_modified():288] file/dir modified: /home/my2770/project/wandb/run-20231216_071546-nydc5b4t/files/wandb-summary.json
2023-12-16 07:16:07,691 DEBUG   HandlerThread:291299 [handler.py:handle_request():146] handle_request: status_report
2023-12-16 07:16:09,572 DEBUG   SenderThread:291299 [sender.py:send():382] send: exit
2023-12-16 07:16:09,572 INFO    SenderThread:291299 [sender.py:send_exit():589] handling exit code: 0
2023-12-16 07:16:09,573 INFO    SenderThread:291299 [sender.py:send_exit():591] handling runtime: 22
2023-12-16 07:16:09,573 INFO    SenderThread:291299 [sender.py:_save_file():1392] saving file wandb-summary.json with policy end
2023-12-16 07:16:09,573 INFO    SenderThread:291299 [sender.py:send_exit():597] send defer
2023-12-16 07:16:09,573 DEBUG   HandlerThread:291299 [handler.py:handle_request():146] handle_request: defer
2023-12-16 07:16:09,574 INFO    HandlerThread:291299 [handler.py:handle_request_defer():172] handle defer: 0
2023-12-16 07:16:09,574 DEBUG   SenderThread:291299 [sender.py:send_request():409] send_request: defer
2023-12-16 07:16:09,574 INFO    SenderThread:291299 [sender.py:send_request_defer():613] handle sender defer: 0
2023-12-16 07:16:09,574 INFO    SenderThread:291299 [sender.py:transition_state():617] send defer: 1
2023-12-16 07:16:09,574 DEBUG   HandlerThread:291299 [handler.py:handle_request():146] handle_request: defer
2023-12-16 07:16:09,574 INFO    HandlerThread:291299 [handler.py:handle_request_defer():172] handle defer: 1
2023-12-16 07:16:09,574 DEBUG   SenderThread:291299 [sender.py:send_request():409] send_request: defer
2023-12-16 07:16:09,574 INFO    SenderThread:291299 [sender.py:send_request_defer():613] handle sender defer: 1
2023-12-16 07:16:09,574 INFO    SenderThread:291299 [sender.py:transition_state():617] send defer: 2
2023-12-16 07:16:09,574 DEBUG   HandlerThread:291299 [handler.py:handle_request():146] handle_request: defer
2023-12-16 07:16:09,575 INFO    HandlerThread:291299 [handler.py:handle_request_defer():172] handle defer: 2
2023-12-16 07:16:09,575 INFO    HandlerThread:291299 [system_monitor.py:finish():203] Stopping system monitor
2023-12-16 07:16:09,575 DEBUG   SystemMonitor:291299 [system_monitor.py:_start():172] Starting system metrics aggregation loop
2023-12-16 07:16:09,575 DEBUG   SystemMonitor:291299 [system_monitor.py:_start():179] Finished system metrics aggregation loop
2023-12-16 07:16:09,575 DEBUG   SystemMonitor:291299 [system_monitor.py:_start():183] Publishing last batch of metrics
2023-12-16 07:16:09,576 INFO    HandlerThread:291299 [interfaces.py:finish():202] Joined cpu monitor
2023-12-16 07:16:09,576 INFO    HandlerThread:291299 [interfaces.py:finish():202] Joined disk monitor
2023-12-16 07:16:09,698 INFO    HandlerThread:291299 [interfaces.py:finish():202] Joined gpu monitor
2023-12-16 07:16:09,699 INFO    HandlerThread:291299 [interfaces.py:finish():202] Joined memory monitor
2023-12-16 07:16:09,699 INFO    HandlerThread:291299 [interfaces.py:finish():202] Joined network monitor
2023-12-16 07:16:09,699 DEBUG   SenderThread:291299 [sender.py:send_request():409] send_request: defer
2023-12-16 07:16:09,699 INFO    SenderThread:291299 [sender.py:send_request_defer():613] handle sender defer: 2
2023-12-16 07:16:09,699 INFO    SenderThread:291299 [sender.py:transition_state():617] send defer: 3
2023-12-16 07:16:09,699 DEBUG   SenderThread:291299 [sender.py:send():382] send: stats
2023-12-16 07:16:09,700 DEBUG   HandlerThread:291299 [handler.py:handle_request():146] handle_request: defer
2023-12-16 07:16:09,700 INFO    HandlerThread:291299 [handler.py:handle_request_defer():172] handle defer: 3
2023-12-16 07:16:09,700 DEBUG   SenderThread:291299 [sender.py:send_request():409] send_request: defer
2023-12-16 07:16:09,700 INFO    SenderThread:291299 [sender.py:send_request_defer():613] handle sender defer: 3
2023-12-16 07:16:09,700 INFO    SenderThread:291299 [sender.py:transition_state():617] send defer: 4
2023-12-16 07:16:09,700 DEBUG   HandlerThread:291299 [handler.py:handle_request():146] handle_request: defer
2023-12-16 07:16:09,700 INFO    HandlerThread:291299 [handler.py:handle_request_defer():172] handle defer: 4
2023-12-16 07:16:09,701 DEBUG   SenderThread:291299 [sender.py:send_request():409] send_request: defer
2023-12-16 07:16:09,701 INFO    SenderThread:291299 [sender.py:send_request_defer():613] handle sender defer: 4
2023-12-16 07:16:09,701 INFO    SenderThread:291299 [sender.py:transition_state():617] send defer: 5
2023-12-16 07:16:09,701 DEBUG   HandlerThread:291299 [handler.py:handle_request():146] handle_request: defer
2023-12-16 07:16:09,701 INFO    HandlerThread:291299 [handler.py:handle_request_defer():172] handle defer: 5
2023-12-16 07:16:09,701 DEBUG   SenderThread:291299 [sender.py:send():382] send: summary
2023-12-16 07:16:09,701 INFO    SenderThread:291299 [sender.py:_save_file():1392] saving file wandb-summary.json with policy end
2023-12-16 07:16:09,702 DEBUG   SenderThread:291299 [sender.py:send_request():409] send_request: defer
2023-12-16 07:16:09,702 INFO    SenderThread:291299 [sender.py:send_request_defer():613] handle sender defer: 5
2023-12-16 07:16:09,702 INFO    SenderThread:291299 [sender.py:transition_state():617] send defer: 6
2023-12-16 07:16:09,702 DEBUG   HandlerThread:291299 [handler.py:handle_request():146] handle_request: defer
2023-12-16 07:16:09,702 INFO    HandlerThread:291299 [handler.py:handle_request_defer():172] handle defer: 6
2023-12-16 07:16:09,702 DEBUG   SenderThread:291299 [sender.py:send_request():409] send_request: defer
2023-12-16 07:16:09,702 INFO    SenderThread:291299 [sender.py:send_request_defer():613] handle sender defer: 6
2023-12-16 07:16:09,705 DEBUG   HandlerThread:291299 [handler.py:handle_request():146] handle_request: status_report
2023-12-16 07:16:09,799 INFO    SenderThread:291299 [sender.py:transition_state():617] send defer: 7
2023-12-16 07:16:09,800 DEBUG   HandlerThread:291299 [handler.py:handle_request():146] handle_request: defer
2023-12-16 07:16:09,800 INFO    HandlerThread:291299 [handler.py:handle_request_defer():172] handle defer: 7
2023-12-16 07:16:09,800 DEBUG   SenderThread:291299 [sender.py:send_request():409] send_request: defer
2023-12-16 07:16:09,800 INFO    SenderThread:291299 [sender.py:send_request_defer():613] handle sender defer: 7
2023-12-16 07:16:10,555 INFO    Thread-12 :291299 [dir_watcher.py:_on_file_modified():288] file/dir modified: /home/my2770/project/wandb/run-20231216_071546-nydc5b4t/files/config.yaml
2023-12-16 07:16:10,555 INFO    Thread-12 :291299 [dir_watcher.py:_on_file_modified():288] file/dir modified: /home/my2770/project/wandb/run-20231216_071546-nydc5b4t/files/wandb-summary.json
2023-12-16 07:16:10,573 DEBUG   HandlerThread:291299 [handler.py:handle_request():146] handle_request: poll_exit
2023-12-16 07:16:12,555 INFO    Thread-12 :291299 [dir_watcher.py:_on_file_modified():288] file/dir modified: /home/my2770/project/wandb/run-20231216_071546-nydc5b4t/files/output.log
2023-12-16 07:16:13,578 INFO    SenderThread:291299 [sender.py:transition_state():617] send defer: 8
2023-12-16 07:16:13,579 DEBUG   SenderThread:291299 [sender.py:send_request():409] send_request: poll_exit
2023-12-16 07:16:13,579 DEBUG   HandlerThread:291299 [handler.py:handle_request():146] handle_request: defer
2023-12-16 07:16:13,579 INFO    HandlerThread:291299 [handler.py:handle_request_defer():172] handle defer: 8
2023-12-16 07:16:13,579 DEBUG   SenderThread:291299 [sender.py:send_request():409] send_request: defer
2023-12-16 07:16:13,579 INFO    SenderThread:291299 [sender.py:send_request_defer():613] handle sender defer: 8
2023-12-16 07:16:13,579 INFO    SenderThread:291299 [sender.py:transition_state():617] send defer: 9
2023-12-16 07:16:13,580 DEBUG   HandlerThread:291299 [handler.py:handle_request():146] handle_request: defer
2023-12-16 07:16:13,580 INFO    HandlerThread:291299 [handler.py:handle_request_defer():172] handle defer: 9
2023-12-16 07:16:13,580 DEBUG   SenderThread:291299 [sender.py:send_request():409] send_request: defer
2023-12-16 07:16:13,580 INFO    SenderThread:291299 [sender.py:send_request_defer():613] handle sender defer: 9
2023-12-16 07:16:13,580 INFO    SenderThread:291299 [dir_watcher.py:finish():358] shutting down directory watcher
2023-12-16 07:16:14,556 INFO    Thread-12 :291299 [dir_watcher.py:_on_file_modified():288] file/dir modified: /home/my2770/project/wandb/run-20231216_071546-nydc5b4t/files/output.log
2023-12-16 07:16:14,557 INFO    SenderThread:291299 [dir_watcher.py:finish():388] scan: /home/my2770/project/wandb/run-20231216_071546-nydc5b4t/files
2023-12-16 07:16:14,557 INFO    SenderThread:291299 [dir_watcher.py:finish():402] scan save: /home/my2770/project/wandb/run-20231216_071546-nydc5b4t/files/output.log output.log
2023-12-16 07:16:14,558 INFO    SenderThread:291299 [dir_watcher.py:finish():402] scan save: /home/my2770/project/wandb/run-20231216_071546-nydc5b4t/files/wandb-metadata.json wandb-metadata.json
2023-12-16 07:16:14,558 INFO    SenderThread:291299 [dir_watcher.py:finish():402] scan save: /home/my2770/project/wandb/run-20231216_071546-nydc5b4t/files/wandb-summary.json wandb-summary.json
2023-12-16 07:16:14,558 INFO    SenderThread:291299 [dir_watcher.py:finish():402] scan save: /home/my2770/project/wandb/run-20231216_071546-nydc5b4t/files/config.yaml config.yaml
2023-12-16 07:16:14,558 INFO    SenderThread:291299 [dir_watcher.py:finish():402] scan save: /home/my2770/project/wandb/run-20231216_071546-nydc5b4t/files/requirements.txt requirements.txt
2023-12-16 07:16:14,565 INFO    SenderThread:291299 [sender.py:transition_state():617] send defer: 10
2023-12-16 07:16:14,565 DEBUG   HandlerThread:291299 [handler.py:handle_request():146] handle_request: defer
2023-12-16 07:16:14,565 INFO    HandlerThread:291299 [handler.py:handle_request_defer():172] handle defer: 10
2023-12-16 07:16:14,566 DEBUG   SenderThread:291299 [sender.py:send_request():409] send_request: defer
2023-12-16 07:16:14,566 INFO    SenderThread:291299 [sender.py:send_request_defer():613] handle sender defer: 10
2023-12-16 07:16:14,566 INFO    SenderThread:291299 [file_pusher.py:finish():175] shutting down file pusher
2023-12-16 07:16:14,790 INFO    wandb-upload_0:291299 [upload_job.py:push():131] Uploaded file /home/my2770/project/wandb/run-20231216_071546-nydc5b4t/files/output.log
2023-12-16 07:16:14,859 INFO    wandb-upload_1:291299 [upload_job.py:push():131] Uploaded file /home/my2770/project/wandb/run-20231216_071546-nydc5b4t/files/wandb-summary.json
2023-12-16 07:16:14,862 INFO    wandb-upload_2:291299 [upload_job.py:push():131] Uploaded file /home/my2770/project/wandb/run-20231216_071546-nydc5b4t/files/config.yaml
2023-12-16 07:16:14,924 INFO    wandb-upload_3:291299 [upload_job.py:push():131] Uploaded file /home/my2770/project/wandb/run-20231216_071546-nydc5b4t/files/requirements.txt
2023-12-16 07:16:15,124 INFO    Thread-11 (_thread_body):291299 [sender.py:transition_state():617] send defer: 11
2023-12-16 07:16:15,125 DEBUG   HandlerThread:291299 [handler.py:handle_request():146] handle_request: defer
2023-12-16 07:16:15,125 INFO    HandlerThread:291299 [handler.py:handle_request_defer():172] handle defer: 11
2023-12-16 07:16:15,125 DEBUG   SenderThread:291299 [sender.py:send_request():409] send_request: defer
2023-12-16 07:16:15,125 INFO    SenderThread:291299 [sender.py:send_request_defer():613] handle sender defer: 11
2023-12-16 07:16:15,125 INFO    SenderThread:291299 [file_pusher.py:join():181] waiting for file pusher
2023-12-16 07:16:15,125 INFO    SenderThread:291299 [sender.py:transition_state():617] send defer: 12
2023-12-16 07:16:15,126 DEBUG   HandlerThread:291299 [handler.py:handle_request():146] handle_request: defer
2023-12-16 07:16:15,126 INFO    HandlerThread:291299 [handler.py:handle_request_defer():172] handle defer: 12
2023-12-16 07:16:15,126 DEBUG   SenderThread:291299 [sender.py:send_request():409] send_request: defer
2023-12-16 07:16:15,126 INFO    SenderThread:291299 [sender.py:send_request_defer():613] handle sender defer: 12
2023-12-16 07:16:15,126 INFO    SenderThread:291299 [file_stream.py:finish():595] file stream finish called
2023-12-16 07:16:15,198 INFO    SenderThread:291299 [file_stream.py:finish():599] file stream finish is done
2023-12-16 07:16:15,198 INFO    SenderThread:291299 [sender.py:transition_state():617] send defer: 13
2023-12-16 07:16:15,198 DEBUG   HandlerThread:291299 [handler.py:handle_request():146] handle_request: defer
2023-12-16 07:16:15,199 INFO    HandlerThread:291299 [handler.py:handle_request_defer():172] handle defer: 13
2023-12-16 07:16:15,199 DEBUG   SenderThread:291299 [sender.py:send_request():409] send_request: defer
2023-12-16 07:16:15,199 INFO    SenderThread:291299 [sender.py:send_request_defer():613] handle sender defer: 13
2023-12-16 07:16:15,199 INFO    SenderThread:291299 [sender.py:transition_state():617] send defer: 14
2023-12-16 07:16:15,199 DEBUG   HandlerThread:291299 [handler.py:handle_request():146] handle_request: defer
2023-12-16 07:16:15,199 INFO    HandlerThread:291299 [handler.py:handle_request_defer():172] handle defer: 14
2023-12-16 07:16:15,199 DEBUG   SenderThread:291299 [sender.py:send():382] send: final
2023-12-16 07:16:15,199 DEBUG   SenderThread:291299 [sender.py:send():382] send: footer
2023-12-16 07:16:15,200 DEBUG   SenderThread:291299 [sender.py:send_request():409] send_request: defer
2023-12-16 07:16:15,200 INFO    SenderThread:291299 [sender.py:send_request_defer():613] handle sender defer: 14
2023-12-16 07:16:15,200 DEBUG   HandlerThread:291299 [handler.py:handle_request():146] handle_request: poll_exit
2023-12-16 07:16:15,200 DEBUG   SenderThread:291299 [sender.py:send_request():409] send_request: poll_exit
2023-12-16 07:16:15,201 DEBUG   HandlerThread:291299 [handler.py:handle_request():146] handle_request: server_info
2023-12-16 07:16:15,201 DEBUG   SenderThread:291299 [sender.py:send_request():409] send_request: server_info
2023-12-16 07:16:15,203 DEBUG   HandlerThread:291299 [handler.py:handle_request():146] handle_request: get_summary
2023-12-16 07:16:15,203 DEBUG   HandlerThread:291299 [handler.py:handle_request():146] handle_request: sampled_history
2023-12-16 07:16:15,204 DEBUG   HandlerThread:291299 [handler.py:handle_request():146] handle_request: internal_messages
2023-12-16 07:16:15,204 DEBUG   HandlerThread:291299 [handler.py:handle_request():146] handle_request: job_info
2023-12-16 07:16:15,237 DEBUG   SenderThread:291299 [sender.py:send_request():409] send_request: job_info
2023-12-16 07:16:15,237 INFO    MainThread:291299 [wandb_run.py:_footer_history_summary_info():3837] rendering history
2023-12-16 07:16:15,238 INFO    MainThread:291299 [wandb_run.py:_footer_history_summary_info():3869] rendering summary
2023-12-16 07:16:15,238 INFO    MainThread:291299 [wandb_run.py:_footer_sync_info():3796] logging synced files
2023-12-16 07:16:15,238 DEBUG   HandlerThread:291299 [handler.py:handle_request():146] handle_request: shutdown
2023-12-16 07:16:15,238 INFO    HandlerThread:291299 [handler.py:finish():866] shutting down handler
2023-12-16 07:16:16,204 INFO    WriterThread:291299 [datastore.py:close():294] close: /home/my2770/project/wandb/run-20231216_071546-nydc5b4t/run-nydc5b4t.wandb
2023-12-16 07:16:16,237 INFO    SenderThread:291299 [sender.py:finish():1548] shutting down sender
2023-12-16 07:16:16,237 INFO    SenderThread:291299 [file_pusher.py:finish():175] shutting down file pusher
2023-12-16 07:16:16,238 INFO    SenderThread:291299 [file_pusher.py:join():181] waiting for file pusher
