2023-12-16 16:42:43,134 INFO    StreamThr :400600 [internal.py:wandb_internal():86] W&B internal server running at pid: 400600, started at: 2023-12-16 16:42:43.133647
2023-12-16 16:42:43,135 DEBUG   HandlerThread:400600 [handler.py:handle_request():146] handle_request: status
2023-12-16 16:42:43,142 INFO    WriterThread:400600 [datastore.py:open_for_write():85] open: /home/my2770/project/wandb/run-20231216_164243-0bxuhkj1/run-0bxuhkj1.wandb
2023-12-16 16:42:43,142 DEBUG   SenderThread:400600 [sender.py:send():382] send: header
2023-12-16 16:42:43,143 DEBUG   SenderThread:400600 [sender.py:send():382] send: run
2023-12-16 16:42:43,290 INFO    SenderThread:400600 [dir_watcher.py:__init__():211] watching files in: /home/my2770/project/wandb/run-20231216_164243-0bxuhkj1/files
2023-12-16 16:42:43,290 INFO    SenderThread:400600 [sender.py:_start_run_threads():1136] run started: 0bxuhkj1 with start time 1702744963.133088
2023-12-16 16:42:43,300 DEBUG   HandlerThread:400600 [handler.py:handle_request():146] handle_request: check_version
2023-12-16 16:42:43,300 DEBUG   SenderThread:400600 [sender.py:send_request():409] send_request: check_version
2023-12-16 16:42:43,390 DEBUG   HandlerThread:400600 [handler.py:handle_request():146] handle_request: run_start
2023-12-16 16:42:43,397 DEBUG   HandlerThread:400600 [system_info.py:__init__():32] System info init
2023-12-16 16:42:43,397 DEBUG   HandlerThread:400600 [system_info.py:__init__():47] System info init done
2023-12-16 16:42:43,397 INFO    HandlerThread:400600 [system_monitor.py:start():194] Starting system monitor
2023-12-16 16:42:43,398 INFO    SystemMonitor:400600 [system_monitor.py:_start():158] Starting system asset monitoring threads
2023-12-16 16:42:43,398 INFO    HandlerThread:400600 [system_monitor.py:probe():214] Collecting system info
2023-12-16 16:42:43,398 INFO    SystemMonitor:400600 [interfaces.py:start():190] Started cpu monitoring
2023-12-16 16:42:43,399 INFO    SystemMonitor:400600 [interfaces.py:start():190] Started disk monitoring
2023-12-16 16:42:43,400 INFO    SystemMonitor:400600 [interfaces.py:start():190] Started gpu monitoring
2023-12-16 16:42:43,402 INFO    SystemMonitor:400600 [interfaces.py:start():190] Started memory monitoring
2023-12-16 16:42:43,402 INFO    SystemMonitor:400600 [interfaces.py:start():190] Started network monitoring
2023-12-16 16:42:43,436 DEBUG   HandlerThread:400600 [system_info.py:probe():196] Probing system
2023-12-16 16:42:43,438 DEBUG   HandlerThread:400600 [gitlib.py:_init_repo():56] git repository is invalid
2023-12-16 16:42:43,438 DEBUG   HandlerThread:400600 [system_info.py:probe():244] Probing system done
2023-12-16 16:42:43,438 DEBUG   HandlerThread:400600 [system_monitor.py:probe():223] {'os': 'Linux-5.10.0-26-cloud-amd64-x86_64-with-glibc2.31', 'python': '3.10.13', 'heartbeatAt': '2023-12-16T16:42:43.436633', 'startedAt': '2023-12-16T16:42:43.126902', 'docker': None, 'cuda': None, 'args': (), 'state': 'running', 'program': '/home/my2770/project/train_wandb.py', 'codePathLocal': 'train_wandb.py', 'codePath': 'train_wandb.py', 'host': 'instance-4', 'username': 'my2770', 'executable': '/home/my2770/project/aihwkit_env/bin/python3', 'cpu_count': 4, 'cpu_count_logical': 8, 'cpu_freq': {'current': 2000.1939999999997, 'min': 0.0, 'max': 0.0}, 'cpu_freq_per_core': [{'current': 2000.194, 'min': 0.0, 'max': 0.0}, {'current': 2000.194, 'min': 0.0, 'max': 0.0}, {'current': 2000.194, 'min': 0.0, 'max': 0.0}, {'current': 2000.194, 'min': 0.0, 'max': 0.0}, {'current': 2000.194, 'min': 0.0, 'max': 0.0}, {'current': 2000.194, 'min': 0.0, 'max': 0.0}, {'current': 2000.194, 'min': 0.0, 'max': 0.0}, {'current': 2000.194, 'min': 0.0, 'max': 0.0}], 'disk': {'/': {'total': 98.18611526489258, 'used': 46.30464553833008}}, 'gpu': 'Tesla T4', 'gpu_count': 4, 'gpu_devices': [{'name': 'Tesla T4', 'memory_total': 16106127360}, {'name': 'Tesla T4', 'memory_total': 16106127360}, {'name': 'Tesla T4', 'memory_total': 16106127360}, {'name': 'Tesla T4', 'memory_total': 16106127360}], 'memory': {'total': 29.38990020751953}}
2023-12-16 16:42:43,438 INFO    HandlerThread:400600 [system_monitor.py:probe():224] Finished collecting system info
2023-12-16 16:42:43,438 INFO    HandlerThread:400600 [system_monitor.py:probe():227] Publishing system info
2023-12-16 16:42:43,438 DEBUG   HandlerThread:400600 [system_info.py:_save_pip():52] Saving list of pip packages installed into the current environment
2023-12-16 16:42:43,438 DEBUG   HandlerThread:400600 [system_info.py:_save_pip():68] Saving pip packages done
2023-12-16 16:42:43,439 INFO    HandlerThread:400600 [system_monitor.py:probe():229] Finished publishing system info
2023-12-16 16:42:43,441 DEBUG   SenderThread:400600 [sender.py:send():382] send: files
2023-12-16 16:42:43,441 INFO    SenderThread:400600 [sender.py:_save_file():1392] saving file wandb-metadata.json with policy now
2023-12-16 16:42:43,446 DEBUG   SenderThread:400600 [sender.py:send():382] send: telemetry
2023-12-16 16:42:43,461 DEBUG   HandlerThread:400600 [handler.py:handle_request():146] handle_request: stop_status
2023-12-16 16:42:43,461 DEBUG   SenderThread:400600 [sender.py:send_request():409] send_request: stop_status
2023-12-16 16:42:43,462 DEBUG   HandlerThread:400600 [handler.py:handle_request():146] handle_request: internal_messages
2023-12-16 16:42:43,728 INFO    wandb-upload_0:400600 [upload_job.py:push():131] Uploaded file /var/tmp/tmpei5s0c52wandb/d0j2js3y-wandb-metadata.json
2023-12-16 16:42:44,291 INFO    Thread-12 :400600 [dir_watcher.py:_on_file_created():271] file/dir created: /home/my2770/project/wandb/run-20231216_164243-0bxuhkj1/files/wandb-metadata.json
2023-12-16 16:42:44,292 INFO    Thread-12 :400600 [dir_watcher.py:_on_file_created():271] file/dir created: /home/my2770/project/wandb/run-20231216_164243-0bxuhkj1/files/requirements.txt
2023-12-16 16:42:45,291 INFO    Thread-12 :400600 [dir_watcher.py:_on_file_created():271] file/dir created: /home/my2770/project/wandb/run-20231216_164243-0bxuhkj1/files/output.log
2023-12-16 16:42:45,523 DEBUG   SenderThread:400600 [sender.py:send():382] send: telemetry
2023-12-16 16:42:45,523 DEBUG   SenderThread:400600 [sender.py:send():382] send: exit
2023-12-16 16:42:45,523 INFO    SenderThread:400600 [sender.py:send_exit():589] handling exit code: 1
2023-12-16 16:42:45,523 INFO    SenderThread:400600 [sender.py:send_exit():591] handling runtime: 2
2023-12-16 16:42:45,524 INFO    SenderThread:400600 [sender.py:_save_file():1392] saving file wandb-summary.json with policy end
2023-12-16 16:42:45,524 INFO    SenderThread:400600 [sender.py:send_exit():597] send defer
2023-12-16 16:42:45,525 DEBUG   HandlerThread:400600 [handler.py:handle_request():146] handle_request: defer
2023-12-16 16:42:45,525 INFO    HandlerThread:400600 [handler.py:handle_request_defer():172] handle defer: 0
2023-12-16 16:42:45,525 DEBUG   SenderThread:400600 [sender.py:send_request():409] send_request: defer
2023-12-16 16:42:45,525 INFO    SenderThread:400600 [sender.py:send_request_defer():613] handle sender defer: 0
2023-12-16 16:42:45,525 INFO    SenderThread:400600 [sender.py:transition_state():617] send defer: 1
2023-12-16 16:42:45,525 DEBUG   HandlerThread:400600 [handler.py:handle_request():146] handle_request: defer
2023-12-16 16:42:45,525 INFO    HandlerThread:400600 [handler.py:handle_request_defer():172] handle defer: 1
2023-12-16 16:42:45,525 DEBUG   SenderThread:400600 [sender.py:send_request():409] send_request: defer
2023-12-16 16:42:45,526 INFO    SenderThread:400600 [sender.py:send_request_defer():613] handle sender defer: 1
2023-12-16 16:42:45,526 INFO    SenderThread:400600 [sender.py:transition_state():617] send defer: 2
2023-12-16 16:42:45,526 DEBUG   HandlerThread:400600 [handler.py:handle_request():146] handle_request: defer
2023-12-16 16:42:45,526 INFO    HandlerThread:400600 [handler.py:handle_request_defer():172] handle defer: 2
2023-12-16 16:42:45,526 INFO    HandlerThread:400600 [system_monitor.py:finish():203] Stopping system monitor
2023-12-16 16:42:45,526 INFO    HandlerThread:400600 [interfaces.py:finish():202] Joined cpu monitor
2023-12-16 16:42:45,526 INFO    HandlerThread:400600 [interfaces.py:finish():202] Joined disk monitor
2023-12-16 16:42:45,527 DEBUG   SystemMonitor:400600 [system_monitor.py:_start():172] Starting system metrics aggregation loop
2023-12-16 16:42:45,527 DEBUG   SystemMonitor:400600 [system_monitor.py:_start():179] Finished system metrics aggregation loop
2023-12-16 16:42:45,527 DEBUG   SystemMonitor:400600 [system_monitor.py:_start():183] Publishing last batch of metrics
2023-12-16 16:42:45,651 INFO    HandlerThread:400600 [interfaces.py:finish():202] Joined gpu monitor
2023-12-16 16:42:45,651 INFO    HandlerThread:400600 [interfaces.py:finish():202] Joined memory monitor
2023-12-16 16:42:45,651 INFO    HandlerThread:400600 [interfaces.py:finish():202] Joined network monitor
2023-12-16 16:42:45,651 DEBUG   SenderThread:400600 [sender.py:send_request():409] send_request: defer
2023-12-16 16:42:45,651 INFO    SenderThread:400600 [sender.py:send_request_defer():613] handle sender defer: 2
2023-12-16 16:42:45,651 INFO    SenderThread:400600 [sender.py:transition_state():617] send defer: 3
2023-12-16 16:42:45,652 DEBUG   SenderThread:400600 [sender.py:send():382] send: stats
2023-12-16 16:42:45,652 DEBUG   HandlerThread:400600 [handler.py:handle_request():146] handle_request: defer
2023-12-16 16:42:45,652 INFO    HandlerThread:400600 [handler.py:handle_request_defer():172] handle defer: 3
2023-12-16 16:42:45,652 DEBUG   SenderThread:400600 [sender.py:send_request():409] send_request: defer
2023-12-16 16:42:45,652 INFO    SenderThread:400600 [sender.py:send_request_defer():613] handle sender defer: 3
2023-12-16 16:42:45,652 INFO    SenderThread:400600 [sender.py:transition_state():617] send defer: 4
2023-12-16 16:42:45,652 DEBUG   HandlerThread:400600 [handler.py:handle_request():146] handle_request: defer
2023-12-16 16:42:45,653 INFO    HandlerThread:400600 [handler.py:handle_request_defer():172] handle defer: 4
2023-12-16 16:42:45,653 DEBUG   SenderThread:400600 [sender.py:send_request():409] send_request: defer
2023-12-16 16:42:45,653 INFO    SenderThread:400600 [sender.py:send_request_defer():613] handle sender defer: 4
2023-12-16 16:42:45,653 INFO    SenderThread:400600 [sender.py:transition_state():617] send defer: 5
2023-12-16 16:42:45,653 DEBUG   HandlerThread:400600 [handler.py:handle_request():146] handle_request: defer
2023-12-16 16:42:45,653 INFO    HandlerThread:400600 [handler.py:handle_request_defer():172] handle defer: 5
2023-12-16 16:42:45,653 DEBUG   SenderThread:400600 [sender.py:send():382] send: summary
2023-12-16 16:42:45,653 INFO    SenderThread:400600 [sender.py:_save_file():1392] saving file wandb-summary.json with policy end
2023-12-16 16:42:45,654 DEBUG   SenderThread:400600 [sender.py:send_request():409] send_request: defer
2023-12-16 16:42:45,654 INFO    SenderThread:400600 [sender.py:send_request_defer():613] handle sender defer: 5
2023-12-16 16:42:45,654 INFO    SenderThread:400600 [sender.py:transition_state():617] send defer: 6
2023-12-16 16:42:45,654 DEBUG   HandlerThread:400600 [handler.py:handle_request():146] handle_request: defer
2023-12-16 16:42:45,654 INFO    HandlerThread:400600 [handler.py:handle_request_defer():172] handle defer: 6
2023-12-16 16:42:45,654 DEBUG   SenderThread:400600 [sender.py:send_request():409] send_request: defer
2023-12-16 16:42:45,654 INFO    SenderThread:400600 [sender.py:send_request_defer():613] handle sender defer: 6
2023-12-16 16:42:45,657 DEBUG   HandlerThread:400600 [handler.py:handle_request():146] handle_request: status_report
2023-12-16 16:42:45,716 INFO    SenderThread:400600 [sender.py:transition_state():617] send defer: 7
2023-12-16 16:42:45,717 DEBUG   HandlerThread:400600 [handler.py:handle_request():146] handle_request: defer
2023-12-16 16:42:45,717 INFO    HandlerThread:400600 [handler.py:handle_request_defer():172] handle defer: 7
2023-12-16 16:42:45,717 DEBUG   SenderThread:400600 [sender.py:send_request():409] send_request: defer
2023-12-16 16:42:45,717 INFO    SenderThread:400600 [sender.py:send_request_defer():613] handle sender defer: 7
2023-12-16 16:42:46,291 INFO    Thread-12 :400600 [dir_watcher.py:_on_file_modified():288] file/dir modified: /home/my2770/project/wandb/run-20231216_164243-0bxuhkj1/files/config.yaml
2023-12-16 16:42:46,291 INFO    Thread-12 :400600 [dir_watcher.py:_on_file_created():271] file/dir created: /home/my2770/project/wandb/run-20231216_164243-0bxuhkj1/files/wandb-summary.json
2023-12-16 16:42:46,519 DEBUG   HandlerThread:400600 [handler.py:handle_request():146] handle_request: poll_exit
2023-12-16 16:42:47,291 INFO    Thread-12 :400600 [dir_watcher.py:_on_file_modified():288] file/dir modified: /home/my2770/project/wandb/run-20231216_164243-0bxuhkj1/files/output.log
2023-12-16 16:42:47,564 INFO    SenderThread:400600 [sender.py:transition_state():617] send defer: 8
2023-12-16 16:42:47,564 DEBUG   SenderThread:400600 [sender.py:send_request():409] send_request: poll_exit
2023-12-16 16:42:47,564 DEBUG   HandlerThread:400600 [handler.py:handle_request():146] handle_request: defer
2023-12-16 16:42:47,564 INFO    HandlerThread:400600 [handler.py:handle_request_defer():172] handle defer: 8
2023-12-16 16:42:47,565 DEBUG   SenderThread:400600 [sender.py:send_request():409] send_request: defer
2023-12-16 16:42:47,565 INFO    SenderThread:400600 [sender.py:send_request_defer():613] handle sender defer: 8
2023-12-16 16:42:47,565 INFO    SenderThread:400600 [sender.py:transition_state():617] send defer: 9
2023-12-16 16:42:47,565 DEBUG   HandlerThread:400600 [handler.py:handle_request():146] handle_request: defer
2023-12-16 16:42:47,565 INFO    HandlerThread:400600 [handler.py:handle_request_defer():172] handle defer: 9
2023-12-16 16:42:47,565 DEBUG   SenderThread:400600 [sender.py:send_request():409] send_request: defer
2023-12-16 16:42:47,565 INFO    SenderThread:400600 [sender.py:send_request_defer():613] handle sender defer: 9
2023-12-16 16:42:47,565 INFO    SenderThread:400600 [dir_watcher.py:finish():358] shutting down directory watcher
2023-12-16 16:42:48,292 INFO    Thread-12 :400600 [dir_watcher.py:_on_file_modified():288] file/dir modified: /home/my2770/project/wandb/run-20231216_164243-0bxuhkj1/files/output.log
2023-12-16 16:42:48,292 INFO    SenderThread:400600 [dir_watcher.py:finish():388] scan: /home/my2770/project/wandb/run-20231216_164243-0bxuhkj1/files
2023-12-16 16:42:48,292 INFO    SenderThread:400600 [dir_watcher.py:finish():402] scan save: /home/my2770/project/wandb/run-20231216_164243-0bxuhkj1/files/output.log output.log
2023-12-16 16:42:48,293 INFO    SenderThread:400600 [dir_watcher.py:finish():402] scan save: /home/my2770/project/wandb/run-20231216_164243-0bxuhkj1/files/wandb-metadata.json wandb-metadata.json
2023-12-16 16:42:48,293 INFO    SenderThread:400600 [dir_watcher.py:finish():402] scan save: /home/my2770/project/wandb/run-20231216_164243-0bxuhkj1/files/wandb-summary.json wandb-summary.json
2023-12-16 16:42:48,295 INFO    SenderThread:400600 [dir_watcher.py:finish():402] scan save: /home/my2770/project/wandb/run-20231216_164243-0bxuhkj1/files/config.yaml config.yaml
2023-12-16 16:42:48,295 INFO    SenderThread:400600 [dir_watcher.py:finish():402] scan save: /home/my2770/project/wandb/run-20231216_164243-0bxuhkj1/files/requirements.txt requirements.txt
2023-12-16 16:42:48,297 INFO    SenderThread:400600 [sender.py:transition_state():617] send defer: 10
2023-12-16 16:42:48,298 DEBUG   HandlerThread:400600 [handler.py:handle_request():146] handle_request: defer
2023-12-16 16:42:48,298 INFO    HandlerThread:400600 [handler.py:handle_request_defer():172] handle defer: 10
2023-12-16 16:42:48,302 DEBUG   SenderThread:400600 [sender.py:send_request():409] send_request: defer
2023-12-16 16:42:48,302 INFO    SenderThread:400600 [sender.py:send_request_defer():613] handle sender defer: 10
2023-12-16 16:42:48,302 INFO    SenderThread:400600 [file_pusher.py:finish():175] shutting down file pusher
2023-12-16 16:42:48,520 DEBUG   HandlerThread:400600 [handler.py:handle_request():146] handle_request: poll_exit
2023-12-16 16:42:48,520 DEBUG   SenderThread:400600 [sender.py:send_request():409] send_request: poll_exit
2023-12-16 16:42:48,526 INFO    wandb-upload_0:400600 [upload_job.py:push():131] Uploaded file /home/my2770/project/wandb/run-20231216_164243-0bxuhkj1/files/output.log
2023-12-16 16:42:48,554 INFO    wandb-upload_1:400600 [upload_job.py:push():131] Uploaded file /home/my2770/project/wandb/run-20231216_164243-0bxuhkj1/files/wandb-summary.json
2023-12-16 16:42:48,598 INFO    wandb-upload_3:400600 [upload_job.py:push():131] Uploaded file /home/my2770/project/wandb/run-20231216_164243-0bxuhkj1/files/requirements.txt
2023-12-16 16:42:48,618 INFO    wandb-upload_2:400600 [upload_job.py:push():131] Uploaded file /home/my2770/project/wandb/run-20231216_164243-0bxuhkj1/files/config.yaml
2023-12-16 16:42:48,818 INFO    Thread-11 (_thread_body):400600 [sender.py:transition_state():617] send defer: 11
2023-12-16 16:42:48,819 DEBUG   HandlerThread:400600 [handler.py:handle_request():146] handle_request: defer
2023-12-16 16:42:48,819 INFO    HandlerThread:400600 [handler.py:handle_request_defer():172] handle defer: 11
2023-12-16 16:42:48,819 DEBUG   SenderThread:400600 [sender.py:send_request():409] send_request: defer
2023-12-16 16:42:48,819 INFO    SenderThread:400600 [sender.py:send_request_defer():613] handle sender defer: 11
2023-12-16 16:42:48,819 INFO    SenderThread:400600 [file_pusher.py:join():181] waiting for file pusher
2023-12-16 16:42:48,819 INFO    SenderThread:400600 [sender.py:transition_state():617] send defer: 12
2023-12-16 16:42:48,820 DEBUG   HandlerThread:400600 [handler.py:handle_request():146] handle_request: defer
2023-12-16 16:42:48,820 INFO    HandlerThread:400600 [handler.py:handle_request_defer():172] handle defer: 12
2023-12-16 16:42:48,820 DEBUG   SenderThread:400600 [sender.py:send_request():409] send_request: defer
2023-12-16 16:42:48,820 INFO    SenderThread:400600 [sender.py:send_request_defer():613] handle sender defer: 12
2023-12-16 16:42:48,820 INFO    SenderThread:400600 [file_stream.py:finish():595] file stream finish called
2023-12-16 16:42:48,879 INFO    SenderThread:400600 [file_stream.py:finish():599] file stream finish is done
2023-12-16 16:42:48,880 INFO    SenderThread:400600 [sender.py:transition_state():617] send defer: 13
2023-12-16 16:42:48,880 DEBUG   HandlerThread:400600 [handler.py:handle_request():146] handle_request: defer
2023-12-16 16:42:48,880 INFO    HandlerThread:400600 [handler.py:handle_request_defer():172] handle defer: 13
2023-12-16 16:42:48,880 DEBUG   SenderThread:400600 [sender.py:send_request():409] send_request: defer
2023-12-16 16:42:48,880 INFO    SenderThread:400600 [sender.py:send_request_defer():613] handle sender defer: 13
2023-12-16 16:42:48,880 INFO    SenderThread:400600 [sender.py:transition_state():617] send defer: 14
2023-12-16 16:42:48,880 DEBUG   HandlerThread:400600 [handler.py:handle_request():146] handle_request: defer
2023-12-16 16:42:48,880 INFO    HandlerThread:400600 [handler.py:handle_request_defer():172] handle defer: 14
2023-12-16 16:42:48,881 DEBUG   SenderThread:400600 [sender.py:send():382] send: final
2023-12-16 16:42:48,881 DEBUG   SenderThread:400600 [sender.py:send():382] send: footer
2023-12-16 16:42:48,881 DEBUG   SenderThread:400600 [sender.py:send_request():409] send_request: defer
2023-12-16 16:42:48,881 INFO    SenderThread:400600 [sender.py:send_request_defer():613] handle sender defer: 14
2023-12-16 16:42:48,882 DEBUG   HandlerThread:400600 [handler.py:handle_request():146] handle_request: poll_exit
2023-12-16 16:42:48,882 DEBUG   SenderThread:400600 [sender.py:send_request():409] send_request: poll_exit
2023-12-16 16:42:48,883 DEBUG   HandlerThread:400600 [handler.py:handle_request():146] handle_request: internal_messages
2023-12-16 16:42:48,883 DEBUG   HandlerThread:400600 [handler.py:handle_request():146] handle_request: server_info
2023-12-16 16:42:48,884 DEBUG   SenderThread:400600 [sender.py:send_request():409] send_request: server_info
2023-12-16 16:42:48,919 DEBUG   HandlerThread:400600 [handler.py:handle_request():146] handle_request: get_summary
2023-12-16 16:42:48,919 DEBUG   HandlerThread:400600 [handler.py:handle_request():146] handle_request: sampled_history
2023-12-16 16:42:48,919 DEBUG   HandlerThread:400600 [handler.py:handle_request():146] handle_request: job_info
2023-12-16 16:42:48,920 DEBUG   SenderThread:400600 [sender.py:send_request():409] send_request: job_info
2023-12-16 16:42:48,964 DEBUG   HandlerThread:400600 [handler.py:handle_request():146] handle_request: shutdown
2023-12-16 16:42:48,964 INFO    HandlerThread:400600 [handler.py:finish():866] shutting down handler
2023-12-16 16:42:49,920 INFO    WriterThread:400600 [datastore.py:close():294] close: /home/my2770/project/wandb/run-20231216_164243-0bxuhkj1/run-0bxuhkj1.wandb
2023-12-16 16:42:49,920 INFO    SenderThread:400600 [sender.py:finish():1548] shutting down sender
2023-12-16 16:42:49,920 INFO    SenderThread:400600 [file_pusher.py:finish():175] shutting down file pusher
2023-12-16 16:42:49,920 INFO    SenderThread:400600 [file_pusher.py:join():181] waiting for file pusher
